{"/home/nahisaho/GitHub/oneroster-gradebook-reference/implementations/nodejs/src/config/database.js": {"path":"/home/nahisaho/GitHub/oneroster-gradebook-reference/implementations/nodejs/src/config/database.js","statementMap":{"0":{"start":{"line":1,"column":0},"end":{"line":1,"column":27}},"1":{"start":{"line":2,"column":22},"end":{"line":2,"column":42}},"2":{"start":{"line":5,"column":15},"end":{"line":23,"column":1}},"3":{"start":{"line":26,"column":18},"end":{"line":38,"column":1}},"4":{"start":{"line":41,"column":23},"end":{"line":50,"column":1}},"5":{"start":{"line":42,"column":2},"end":{"line":49,"column":3}},"6":{"start":{"line":43,"column":4},"end":{"line":43,"column":35}},"7":{"start":{"line":44,"column":4},"end":{"line":44,"column":66}},"8":{"start":{"line":45,"column":4},"end":{"line":45,"column":16}},"9":{"start":{"line":47,"column":4},"end":{"line":47,"column":73}},"10":{"start":{"line":48,"column":4},"end":{"line":48,"column":17}},"11":{"start":{"line":52,"column":0},"end":{"line":56,"column":2}}},"fnMap":{"0":{"name":"(anonymous_0)","decl":{"start":{"line":41,"column":23},"end":{"line":41,"column":24}},"loc":{"start":{"line":41,"column":35},"end":{"line":50,"column":1}},"line":41}},"branchMap":{"0":{"loc":{"start":{"line":6,"column":8},"end":{"line":6,"column":42}},"type":"binary-expr","locations":[{"start":{"line":6,"column":8},"end":{"line":6,"column":27}},{"start":{"line":6,"column":31},"end":{"line":6,"column":42}}],"line":6},"1":{"loc":{"start":{"line":7,"column":8},"end":{"line":7,"column":49}},"type":"binary-expr","locations":[{"start":{"line":7,"column":8},"end":{"line":7,"column":41}},{"start":{"line":7,"column":45},"end":{"line":7,"column":49}}],"line":7},"2":{"loc":{"start":{"line":8,"column":12},"end":{"line":8,"column":46}},"type":"binary-expr","locations":[{"start":{"line":8,"column":12},"end":{"line":8,"column":31}},{"start":{"line":8,"column":35},"end":{"line":8,"column":46}}],"line":8},"3":{"loc":{"start":{"line":9,"column":12},"end":{"line":9,"column":45}},"type":"binary-expr","locations":[{"start":{"line":9,"column":12},"end":{"line":9,"column":31}},{"start":{"line":9,"column":35},"end":{"line":9,"column":45}}],"line":9},"4":{"loc":{"start":{"line":10,"column":12},"end":{"line":10,"column":41}},"type":"binary-expr","locations":[{"start":{"line":10,"column":12},"end":{"line":10,"column":35}},{"start":{"line":10,"column":39},"end":{"line":10,"column":41}}],"line":10},"5":{"loc":{"start":{"line":11,"column":11},"end":{"line":11,"column":47}},"type":"binary-expr","locations":[{"start":{"line":11,"column":11},"end":{"line":11,"column":33}},{"start":{"line":11,"column":37},"end":{"line":11,"column":47}}],"line":11},"6":{"loc":{"start":{"line":12,"column":11},"end":{"line":12,"column":71}},"type":"cond-expr","locations":[{"start":{"line":12,"column":52},"end":{"line":12,"column":63}},{"start":{"line":12,"column":66},"end":{"line":12,"column":71}}],"line":12},"7":{"loc":{"start":{"line":14,"column":9},"end":{"line":14,"column":52}},"type":"binary-expr","locations":[{"start":{"line":14,"column":9},"end":{"line":14,"column":46}},{"start":{"line":14,"column":50},"end":{"line":14,"column":52}}],"line":14},"8":{"loc":{"start":{"line":15,"column":9},"end":{"line":15,"column":51}},"type":"binary-expr","locations":[{"start":{"line":15,"column":9},"end":{"line":15,"column":46}},{"start":{"line":15,"column":50},"end":{"line":15,"column":51}}],"line":15},"9":{"loc":{"start":{"line":16,"column":13},"end":{"line":16,"column":63}},"type":"binary-expr","locations":[{"start":{"line":16,"column":13},"end":{"line":16,"column":54}},{"start":{"line":16,"column":58},"end":{"line":16,"column":63}}],"line":16},"10":{"loc":{"start":{"line":17,"column":10},"end":{"line":17,"column":57}},"type":"binary-expr","locations":[{"start":{"line":17,"column":10},"end":{"line":17,"column":48}},{"start":{"line":17,"column":52},"end":{"line":17,"column":57}}],"line":17}},"s":{"0":5,"1":5,"2":5,"3":5,"4":5,"5":0,"6":0,"7":0,"8":0,"9":0,"10":0,"11":5},"f":{"0":0},"b":{"0":[5,0],"1":[5,0],"2":[5,0],"3":[5,0],"4":[5,0],"5":[5,0],"6":[0,5],"7":[5,0],"8":[5,5],"9":[5,0],"10":[5,0]},"_coverageSchema":"1a1c01bbd47fc00a2c39e90264f33305004495a9","hash":"37e96640f8539cf82ab3817aa9ed4f8290afd7b6"}
,"/home/nahisaho/GitHub/oneroster-gradebook-reference/implementations/nodejs/src/config/oauth.js": {"path":"/home/nahisaho/GitHub/oneroster-gradebook-reference/implementations/nodejs/src/config/oauth.js","statementMap":{"0":{"start":{"line":1,"column":15},"end":{"line":1,"column":32}},"1":{"start":{"line":2,"column":15},"end":{"line":2,"column":41}},"2":{"start":{"line":10,"column":15},"end":{"line":10,"column":24}},"3":{"start":{"line":11,"column":16},"end":{"line":11,"column":25}},"4":{"start":{"line":18,"column":19},"end":{"line":18,"column":46}},"5":{"start":{"line":19,"column":23},"end":{"line":19,"column":54}},"6":{"start":{"line":20,"column":23},"end":{"line":22,"column":71}},"7":{"start":{"line":21,"column":58},"end":{"line":21,"column":66}},"8":{"start":{"line":24,"column":2},"end":{"line":34,"column":3}},"9":{"start":{"line":25,"column":4},"end":{"line":30,"column":7}},"10":{"start":{"line":31,"column":4},"end":{"line":31,"column":52}},"11":{"start":{"line":33,"column":4},"end":{"line":33,"column":93}},"12":{"start":{"line":38,"column":0},"end":{"line":38,"column":14}},"13":{"start":{"line":43,"column":14},"end":{"line":218,"column":1}},"14":{"start":{"line":51,"column":4},"end":{"line":76,"column":5}},"15":{"start":{"line":52,"column":21},"end":{"line":52,"column":42}},"16":{"start":{"line":54,"column":6},"end":{"line":57,"column":7}},"17":{"start":{"line":55,"column":8},"end":{"line":55,"column":53}},"18":{"start":{"line":56,"column":8},"end":{"line":56,"column":20}},"19":{"start":{"line":60,"column":6},"end":{"line":63,"column":7}},"20":{"start":{"line":61,"column":8},"end":{"line":61,"column":69}},"21":{"start":{"line":62,"column":8},"end":{"line":62,"column":20}},"22":{"start":{"line":65,"column":6},"end":{"line":65,"column":55}},"23":{"start":{"line":66,"column":6},"end":{"line":72,"column":8}},"24":{"start":{"line":74,"column":6},"end":{"line":74,"column":49}},"25":{"start":{"line":75,"column":6},"end":{"line":75,"column":18}},"26":{"start":{"line":84,"column":4},"end":{"line":95,"column":5}},"27":{"start":{"line":87,"column":6},"end":{"line":87,"column":77}},"28":{"start":{"line":88,"column":6},"end":{"line":91,"column":8}},"29":{"start":{"line":93,"column":6},"end":{"line":93,"column":57}},"30":{"start":{"line":94,"column":6},"end":{"line":94,"column":18}},"31":{"start":{"line":106,"column":4},"end":{"line":128,"column":5}},"32":{"start":{"line":107,"column":26},"end":{"line":119,"column":7}},"33":{"start":{"line":121,"column":6},"end":{"line":121,"column":49}},"34":{"start":{"line":122,"column":6},"end":{"line":122,"column":104}},"35":{"start":{"line":124,"column":6},"end":{"line":124,"column":25}},"36":{"start":{"line":126,"column":6},"end":{"line":126,"column":49}},"37":{"start":{"line":127,"column":6},"end":{"line":127,"column":18}},"38":{"start":{"line":137,"column":4},"end":{"line":157,"column":5}},"39":{"start":{"line":138,"column":20},"end":{"line":138,"column":43}},"40":{"start":{"line":140,"column":6},"end":{"line":143,"column":7}},"41":{"start":{"line":141,"column":8},"end":{"line":141,"column":39}},"42":{"start":{"line":142,"column":8},"end":{"line":142,"column":20}},"43":{"start":{"line":146,"column":6},"end":{"line":150,"column":7}},"44":{"start":{"line":147,"column":8},"end":{"line":147,"column":37}},"45":{"start":{"line":148,"column":8},"end":{"line":148,"column":35}},"46":{"start":{"line":149,"column":8},"end":{"line":149,"column":20}},"47":{"start":{"line":152,"column":6},"end":{"line":152,"column":65}},"48":{"start":{"line":153,"column":6},"end":{"line":153,"column":19}},"49":{"start":{"line":155,"column":6},"end":{"line":155,"column":54}},"50":{"start":{"line":156,"column":6},"end":{"line":156,"column":18}},"51":{"start":{"line":167,"column":4},"end":{"line":191,"column":5}},"52":{"start":{"line":168,"column":6},"end":{"line":171,"column":7}},"53":{"start":{"line":169,"column":8},"end":{"line":169,"column":42}},"54":{"start":{"line":170,"column":8},"end":{"line":170,"column":21}},"55":{"start":{"line":173,"column":26},"end":{"line":175,"column":32}},"56":{"start":{"line":177,"column":29},"end":{"line":179,"column":26}},"57":{"start":{"line":181,"column":23},"end":{"line":181,"column":73}},"58":{"start":{"line":181,"column":49},"end":{"line":181,"column":72}},"59":{"start":{"line":183,"column":6},"end":{"line":185,"column":7}},"60":{"start":{"line":184,"column":8},"end":{"line":184,"column":98}},"61":{"start":{"line":187,"column":6},"end":{"line":187,"column":22}},"62":{"start":{"line":189,"column":6},"end":{"line":189,"column":51}},"63":{"start":{"line":190,"column":6},"end":{"line":190,"column":19}},"64":{"start":{"line":199,"column":4},"end":{"line":207,"column":5}},"65":{"start":{"line":201,"column":20},"end":{"line":201,"column":58}},"66":{"start":{"line":202,"column":6},"end":{"line":202,"column":69}},"67":{"start":{"line":203,"column":6},"end":{"line":203,"column":19}},"68":{"start":{"line":205,"column":6},"end":{"line":205,"column":59}},"69":{"start":{"line":206,"column":6},"end":{"line":206,"column":18}},"70":{"start":{"line":215,"column":22},"end":{"line":215,"column":78}},"71":{"start":{"line":216,"column":4},"end":{"line":216,"column":51}},"72":{"start":{"line":228,"column":17},"end":{"line":233,"column":3}},"73":{"start":{"line":234,"column":2},"end":{"line":234,"column":32}},"74":{"start":{"line":235,"column":2},"end":{"line":235,"column":49}},"75":{"start":{"line":236,"column":2},"end":{"line":236,"column":16}},"76":{"start":{"line":245,"column":18},"end":{"line":245,"column":42}},"77":{"start":{"line":246,"column":2},"end":{"line":248,"column":3}},"78":{"start":{"line":247,"column":4},"end":{"line":247,"column":53}},"79":{"start":{"line":249,"column":2},"end":{"line":249,"column":17}},"80":{"start":{"line":258,"column":18},"end":{"line":258,"column":44}},"81":{"start":{"line":259,"column":2},"end":{"line":261,"column":3}},"82":{"start":{"line":260,"column":4},"end":{"line":260,"column":33}},"83":{"start":{"line":262,"column":2},"end":{"line":262,"column":17}},"84":{"start":{"line":269,"column":14},"end":{"line":269,"column":24}},"85":{"start":{"line":270,"column":14},"end":{"line":270,"column":15}},"86":{"start":{"line":272,"column":2},"end":{"line":277,"column":3}},"87":{"start":{"line":273,"column":4},"end":{"line":276,"column":5}},"88":{"start":{"line":274,"column":6},"end":{"line":274,"column":27}},"89":{"start":{"line":275,"column":6},"end":{"line":275,"column":14}},"90":{"start":{"line":279,"column":2},"end":{"line":281,"column":3}},"91":{"start":{"line":280,"column":4},"end":{"line":280,"column":54}},"92":{"start":{"line":285,"column":0},"end":{"line":287,"column":1}},"93":{"start":{"line":286,"column":2},"end":{"line":286,"column":45}},"94":{"start":{"line":289,"column":0},"end":{"line":295,"column":2}}},"fnMap":{"0":{"name":"loadClients","decl":{"start":{"line":17,"column":9},"end":{"line":17,"column":20}},"loc":{"start":{"line":17,"column":23},"end":{"line":35,"column":1}},"line":17},"1":{"name":"(anonymous_1)","decl":{"start":{"line":21,"column":53},"end":{"line":21,"column":54}},"loc":{"start":{"line":21,"column":58},"end":{"line":21,"column":66}},"line":21},"2":{"name":"(anonymous_2)","decl":{"start":{"line":50,"column":13},"end":{"line":50,"column":14}},"loc":{"start":{"line":50,"column":47},"end":{"line":77,"column":3}},"line":50},"3":{"name":"(anonymous_3)","decl":{"start":{"line":83,"column":21},"end":{"line":83,"column":22}},"loc":{"start":{"line":83,"column":39},"end":{"line":96,"column":3}},"line":83},"4":{"name":"(anonymous_4)","decl":{"start":{"line":105,"column":13},"end":{"line":105,"column":14}},"loc":{"start":{"line":105,"column":44},"end":{"line":129,"column":3}},"line":105},"5":{"name":"(anonymous_5)","decl":{"start":{"line":136,"column":18},"end":{"line":136,"column":19}},"loc":{"start":{"line":136,"column":41},"end":{"line":158,"column":3}},"line":136},"6":{"name":"(anonymous_6)","decl":{"start":{"line":166,"column":15},"end":{"line":166,"column":16}},"loc":{"start":{"line":166,"column":39},"end":{"line":192,"column":3}},"line":166},"7":{"name":"(anonymous_7)","decl":{"start":{"line":181,"column":44},"end":{"line":181,"column":45}},"loc":{"start":{"line":181,"column":49},"end":{"line":181,"column":72}},"line":181},"8":{"name":"(anonymous_8)","decl":{"start":{"line":198,"column":23},"end":{"line":198,"column":24}},"loc":{"start":{"line":198,"column":54},"end":{"line":208,"column":3}},"line":198},"9":{"name":"(anonymous_9)","decl":{"start":{"line":214,"column":27},"end":{"line":214,"column":28}},"loc":{"start":{"line":214,"column":33},"end":{"line":217,"column":3}},"line":214},"10":{"name":"addClient","decl":{"start":{"line":227,"column":9},"end":{"line":227,"column":18}},"loc":{"start":{"line":227,"column":56},"end":{"line":237,"column":1}},"line":227},"11":{"name":"removeClient","decl":{"start":{"line":244,"column":9},"end":{"line":244,"column":21}},"loc":{"start":{"line":244,"column":32},"end":{"line":250,"column":1}},"line":244},"12":{"name":"revokeToken","decl":{"start":{"line":257,"column":9},"end":{"line":257,"column":20}},"loc":{"start":{"line":257,"column":34},"end":{"line":263,"column":1}},"line":257},"13":{"name":"cleanupExpiredTokens","decl":{"start":{"line":268,"column":9},"end":{"line":268,"column":29}},"loc":{"start":{"line":268,"column":32},"end":{"line":282,"column":1}},"line":268}},"branchMap":{"0":{"loc":{"start":{"line":20,"column":23},"end":{"line":22,"column":71}},"type":"cond-expr","locations":[{"start":{"line":21,"column":6},"end":{"line":21,"column":67}},{"start":{"line":22,"column":6},"end":{"line":22,"column":71}}],"line":20},"1":{"loc":{"start":{"line":24,"column":2},"end":{"line":34,"column":3}},"type":"if","locations":[{"start":{"line":24,"column":2},"end":{"line":34,"column":3}},{"start":{"line":32,"column":9},"end":{"line":34,"column":3}}],"line":24},"2":{"loc":{"start":{"line":24,"column":6},"end":{"line":24,"column":30}},"type":"binary-expr","locations":[{"start":{"line":24,"column":6},"end":{"line":24,"column":14}},{"start":{"line":24,"column":18},"end":{"line":24,"column":30}}],"line":24},"3":{"loc":{"start":{"line":54,"column":6},"end":{"line":57,"column":7}},"type":"if","locations":[{"start":{"line":54,"column":6},"end":{"line":57,"column":7}},{"start":{},"end":{}}],"line":54},"4":{"loc":{"start":{"line":60,"column":6},"end":{"line":63,"column":7}},"type":"if","locations":[{"start":{"line":60,"column":6},"end":{"line":63,"column":7}},{"start":{},"end":{}}],"line":60},"5":{"loc":{"start":{"line":140,"column":6},"end":{"line":143,"column":7}},"type":"if","locations":[{"start":{"line":140,"column":6},"end":{"line":143,"column":7}},{"start":{},"end":{}}],"line":140},"6":{"loc":{"start":{"line":146,"column":6},"end":{"line":150,"column":7}},"type":"if","locations":[{"start":{"line":146,"column":6},"end":{"line":150,"column":7}},{"start":{},"end":{}}],"line":146},"7":{"loc":{"start":{"line":168,"column":6},"end":{"line":171,"column":7}},"type":"if","locations":[{"start":{"line":168,"column":6},"end":{"line":171,"column":7}},{"start":{},"end":{}}],"line":168},"8":{"loc":{"start":{"line":173,"column":26},"end":{"line":175,"column":32}},"type":"cond-expr","locations":[{"start":{"line":174,"column":10},"end":{"line":174,"column":21}},{"start":{"line":175,"column":10},"end":{"line":175,"column":32}}],"line":173},"9":{"loc":{"start":{"line":177,"column":29},"end":{"line":179,"column":26}},"type":"cond-expr","locations":[{"start":{"line":178,"column":10},"end":{"line":178,"column":15}},{"start":{"line":179,"column":10},"end":{"line":179,"column":26}}],"line":177},"10":{"loc":{"start":{"line":183,"column":6},"end":{"line":185,"column":7}},"type":"if","locations":[{"start":{"line":183,"column":6},"end":{"line":185,"column":7}},{"start":{},"end":{}}],"line":183},"11":{"loc":{"start":{"line":215,"column":31},"end":{"line":215,"column":73}},"type":"binary-expr","locations":[{"start":{"line":215,"column":31},"end":{"line":215,"column":63}},{"start":{"line":215,"column":67},"end":{"line":215,"column":73}}],"line":215},"12":{"loc":{"start":{"line":227,"column":43},"end":{"line":227,"column":54}},"type":"default-arg","locations":[{"start":{"line":227,"column":52},"end":{"line":227,"column":54}}],"line":227},"13":{"loc":{"start":{"line":246,"column":2},"end":{"line":248,"column":3}},"type":"if","locations":[{"start":{"line":246,"column":2},"end":{"line":248,"column":3}},{"start":{},"end":{}}],"line":246},"14":{"loc":{"start":{"line":259,"column":2},"end":{"line":261,"column":3}},"type":"if","locations":[{"start":{"line":259,"column":2},"end":{"line":261,"column":3}},{"start":{},"end":{}}],"line":259},"15":{"loc":{"start":{"line":273,"column":4},"end":{"line":276,"column":5}},"type":"if","locations":[{"start":{"line":273,"column":4},"end":{"line":276,"column":5}},{"start":{},"end":{}}],"line":273},"16":{"loc":{"start":{"line":279,"column":2},"end":{"line":281,"column":3}},"type":"if","locations":[{"start":{"line":279,"column":2},"end":{"line":281,"column":3}},{"start":{},"end":{}}],"line":279},"17":{"loc":{"start":{"line":285,"column":0},"end":{"line":287,"column":1}},"type":"if","locations":[{"start":{"line":285,"column":0},"end":{"line":287,"column":1}},{"start":{},"end":{}}],"line":285}},"s":{"0":2,"1":2,"2":2,"3":2,"4":2,"5":2,"6":2,"7":6,"8":2,"9":2,"10":2,"11":0,"12":2,"13":2,"14":0,"15":0,"16":0,"17":0,"18":0,"19":0,"20":0,"21":0,"22":0,"23":0,"24":0,"25":0,"26":0,"27":0,"28":0,"29":0,"30":0,"31":0,"32":0,"33":0,"34":0,"35":0,"36":0,"37":0,"38":0,"39":0,"40":0,"41":0,"42":0,"43":0,"44":0,"45":0,"46":0,"47":0,"48":0,"49":0,"50":0,"51":0,"52":0,"53":0,"54":0,"55":0,"56":0,"57":0,"58":0,"59":0,"60":0,"61":0,"62":0,"63":0,"64":0,"65":0,"66":0,"67":0,"68":0,"69":0,"70":0,"71":0,"72":0,"73":0,"74":0,"75":0,"76":0,"77":0,"78":0,"79":0,"80":0,"81":0,"82":0,"83":0,"84":0,"85":0,"86":0,"87":0,"88":0,"89":0,"90":0,"91":0,"92":2,"93":0,"94":2},"f":{"0":2,"1":6,"2":0,"3":0,"4":0,"5":0,"6":0,"7":0,"8":0,"9":0,"10":0,"11":0,"12":0,"13":0},"b":{"0":[2,0],"1":[2,0],"2":[2,2],"3":[0,0],"4":[0,0],"5":[0,0],"6":[0,0],"7":[0,0],"8":[0,0],"9":[0,0],"10":[0,0],"11":[0,0],"12":[0],"13":[0,0],"14":[0,0],"15":[0,0],"16":[0,0],"17":[0,2]},"_coverageSchema":"1a1c01bbd47fc00a2c39e90264f33305004495a9","hash":"56be73d6a8576a20827e5f969b99c592a00068c9"}
,"/home/nahisaho/GitHub/oneroster-gradebook-reference/implementations/nodejs/src/controllers/categoryController.js": {"path":"/home/nahisaho/GitHub/oneroster-gradebook-reference/implementations/nodejs/src/controllers/categoryController.js","statementMap":{"0":{"start":{"line":1,"column":31},"end":{"line":1,"column":51}},"1":{"start":{"line":2,"column":43},"end":{"line":2,"column":80}},"2":{"start":{"line":3,"column":27},"end":{"line":3,"column":62}},"3":{"start":{"line":4,"column":15},"end":{"line":4,"column":41}},"4":{"start":{"line":16,"column":25},"end":{"line":75,"column":1}},"5":{"start":{"line":17,"column":2},"end":{"line":74,"column":3}},"6":{"start":{"line":18,"column":30},"end":{"line":18,"column":44}},"7":{"start":{"line":19,"column":18},"end":{"line":19,"column":64}},"8":{"start":{"line":20,"column":18},"end":{"line":20,"column":60}},"9":{"start":{"line":21,"column":23},"end":{"line":21,"column":46}},"10":{"start":{"line":23,"column":4},"end":{"line":23,"column":75}},"11":{"start":{"line":25,"column":28},"end":{"line":31,"column":6}},"12":{"start":{"line":34,"column":20},"end":{"line":34,"column":83}},"13":{"start":{"line":35,"column":23},"end":{"line":35,"column":47}},"14":{"start":{"line":36,"column":24},"end":{"line":36,"column":54}},"15":{"start":{"line":38,"column":21},"end":{"line":40,"column":5}},"16":{"start":{"line":39,"column":32},"end":{"line":39,"column":42}},"17":{"start":{"line":43,"column":4},"end":{"line":67,"column":5}},"18":{"start":{"line":44,"column":6},"end":{"line":50,"column":8}},"19":{"start":{"line":53,"column":6},"end":{"line":55,"column":8}},"20":{"start":{"line":57,"column":6},"end":{"line":59,"column":7}},"21":{"start":{"line":58,"column":8},"end":{"line":58,"column":84}},"22":{"start":{"line":61,"column":6},"end":{"line":63,"column":7}},"23":{"start":{"line":62,"column":8},"end":{"line":62,"column":97}},"24":{"start":{"line":65,"column":6},"end":{"line":65,"column":67}},"25":{"start":{"line":66,"column":6},"end":{"line":66,"column":107}},"26":{"start":{"line":69,"column":4},"end":{"line":69,"column":73}},"27":{"start":{"line":70,"column":4},"end":{"line":70,"column":23}},"28":{"start":{"line":72,"column":4},"end":{"line":72,"column":53}},"29":{"start":{"line":73,"column":4},"end":{"line":73,"column":16}},"30":{"start":{"line":81,"column":24},"end":{"line":100,"column":1}},"31":{"start":{"line":82,"column":2},"end":{"line":99,"column":3}},"32":{"start":{"line":83,"column":19},"end":{"line":83,"column":29}},"33":{"start":{"line":84,"column":23},"end":{"line":84,"column":46}},"34":{"start":{"line":86,"column":4},"end":{"line":86,"column":43}},"35":{"start":{"line":88,"column":21},"end":{"line":88,"column":64}},"36":{"start":{"line":90,"column":4},"end":{"line":92,"column":5}},"37":{"start":{"line":91,"column":6},"end":{"line":91,"column":59}},"38":{"start":{"line":94,"column":4},"end":{"line":94,"column":45}},"39":{"start":{"line":95,"column":4},"end":{"line":95,"column":46}},"40":{"start":{"line":97,"column":4},"end":{"line":97,"column":68}},"41":{"start":{"line":98,"column":4},"end":{"line":98,"column":16}},"42":{"start":{"line":107,"column":23},"end":{"line":145,"column":1}},"43":{"start":{"line":108,"column":2},"end":{"line":144,"column":3}},"44":{"start":{"line":109,"column":19},"end":{"line":109,"column":29}},"45":{"start":{"line":110,"column":20},"end":{"line":110,"column":28}},"46":{"start":{"line":112,"column":4},"end":{"line":112,"column":53}},"47":{"start":{"line":115,"column":21},"end":{"line":115,"column":48}},"48":{"start":{"line":117,"column":4},"end":{"line":119,"column":5}},"49":{"start":{"line":118,"column":6},"end":{"line":118,"column":59}},"50":{"start":{"line":122,"column":26},"end":{"line":122,"column":57}},"51":{"start":{"line":123,"column":23},"end":{"line":123,"column":25}},"52":{"start":{"line":125,"column":4},"end":{"line":129,"column":7}},"53":{"start":{"line":126,"column":6},"end":{"line":128,"column":7}},"54":{"start":{"line":127,"column":8},"end":{"line":127,"column":39}},"55":{"start":{"line":132,"column":4},"end":{"line":134,"column":5}},"56":{"start":{"line":133,"column":6},"end":{"line":133,"column":61}},"57":{"start":{"line":137,"column":4},"end":{"line":137,"column":38}},"58":{"start":{"line":139,"column":4},"end":{"line":139,"column":43}},"59":{"start":{"line":140,"column":4},"end":{"line":140,"column":46}},"60":{"start":{"line":142,"column":4},"end":{"line":142,"column":69}},"61":{"start":{"line":143,"column":4},"end":{"line":143,"column":16}},"62":{"start":{"line":151,"column":23},"end":{"line":190,"column":1}},"63":{"start":{"line":152,"column":2},"end":{"line":189,"column":3}},"64":{"start":{"line":153,"column":19},"end":{"line":153,"column":29}},"65":{"start":{"line":155,"column":4},"end":{"line":155,"column":44}},"66":{"start":{"line":157,"column":21},"end":{"line":157,"column":48}},"67":{"start":{"line":159,"column":4},"end":{"line":161,"column":5}},"68":{"start":{"line":160,"column":6},"end":{"line":160,"column":59}},"69":{"start":{"line":164,"column":26},"end":{"line":166,"column":6}},"70":{"start":{"line":168,"column":4},"end":{"line":179,"column":5}},"71":{"start":{"line":169,"column":6},"end":{"line":169,"column":68}},"72":{"start":{"line":172,"column":6},"end":{"line":172,"column":55}},"73":{"start":{"line":174,"column":6},"end":{"line":174,"column":50}},"74":{"start":{"line":175,"column":6},"end":{"line":178,"column":9}},"75":{"start":{"line":182,"column":4},"end":{"line":182,"column":29}},"76":{"start":{"line":184,"column":4},"end":{"line":184,"column":48}},"77":{"start":{"line":185,"column":4},"end":{"line":185,"column":27}},"78":{"start":{"line":187,"column":4},"end":{"line":187,"column":69}},"79":{"start":{"line":188,"column":4},"end":{"line":188,"column":16}},"80":{"start":{"line":196,"column":29},"end":{"line":242,"column":1}},"81":{"start":{"line":197,"column":2},"end":{"line":241,"column":3}},"82":{"start":{"line":198,"column":19},"end":{"line":198,"column":29}},"83":{"start":{"line":199,"column":30},"end":{"line":199,"column":44}},"84":{"start":{"line":200,"column":18},"end":{"line":200,"column":64}},"85":{"start":{"line":201,"column":18},"end":{"line":201,"column":60}},"86":{"start":{"line":202,"column":23},"end":{"line":202,"column":46}},"87":{"start":{"line":204,"column":4},"end":{"line":204,"column":58}},"88":{"start":{"line":207,"column":21},"end":{"line":207,"column":48}},"89":{"start":{"line":208,"column":4},"end":{"line":210,"column":5}},"90":{"start":{"line":209,"column":6},"end":{"line":209,"column":59}},"91":{"start":{"line":213,"column":4},"end":{"line":213,"column":33}},"92":{"start":{"line":215,"column":28},"end":{"line":221,"column":6}},"93":{"start":{"line":223,"column":21},"end":{"line":225,"column":5}},"94":{"start":{"line":224,"column":32},"end":{"line":224,"column":43}},"95":{"start":{"line":228,"column":4},"end":{"line":234,"column":5}},"96":{"start":{"line":229,"column":6},"end":{"line":233,"column":8}},"97":{"start":{"line":236,"column":4},"end":{"line":236,"column":92}},"98":{"start":{"line":237,"column":4},"end":{"line":237,"column":23}},"99":{"start":{"line":239,"column":4},"end":{"line":239,"column":83}},"100":{"start":{"line":240,"column":4},"end":{"line":240,"column":16}},"101":{"start":{"line":244,"column":0},"end":{"line":250,"column":2}}},"fnMap":{"0":{"name":"(anonymous_0)","decl":{"start":{"line":16,"column":25},"end":{"line":16,"column":26}},"loc":{"start":{"line":16,"column":45},"end":{"line":75,"column":1}},"line":16},"1":{"name":"(anonymous_1)","decl":{"start":{"line":39,"column":27},"end":{"line":39,"column":28}},"loc":{"start":{"line":39,"column":32},"end":{"line":39,"column":42}},"line":39},"2":{"name":"(anonymous_2)","decl":{"start":{"line":81,"column":24},"end":{"line":81,"column":25}},"loc":{"start":{"line":81,"column":44},"end":{"line":100,"column":1}},"line":81},"3":{"name":"(anonymous_3)","decl":{"start":{"line":107,"column":23},"end":{"line":107,"column":24}},"loc":{"start":{"line":107,"column":43},"end":{"line":145,"column":1}},"line":107},"4":{"name":"(anonymous_4)","decl":{"start":{"line":125,"column":33},"end":{"line":125,"column":34}},"loc":{"start":{"line":125,"column":40},"end":{"line":129,"column":5}},"line":125},"5":{"name":"(anonymous_5)","decl":{"start":{"line":151,"column":23},"end":{"line":151,"column":24}},"loc":{"start":{"line":151,"column":43},"end":{"line":190,"column":1}},"line":151},"6":{"name":"(anonymous_6)","decl":{"start":{"line":196,"column":29},"end":{"line":196,"column":30}},"loc":{"start":{"line":196,"column":49},"end":{"line":242,"column":1}},"line":196},"7":{"name":"(anonymous_7)","decl":{"start":{"line":224,"column":26},"end":{"line":224,"column":27}},"loc":{"start":{"line":224,"column":32},"end":{"line":224,"column":43}},"line":224}},"branchMap":{"0":{"loc":{"start":{"line":19,"column":18},"end":{"line":19,"column":64}},"type":"cond-expr","locations":[{"start":{"line":19,"column":32},"end":{"line":19,"column":59}},{"start":{"line":19,"column":62},"end":{"line":19,"column":64}}],"line":19},"1":{"loc":{"start":{"line":20,"column":18},"end":{"line":20,"column":60}},"type":"binary-expr","locations":[{"start":{"line":20,"column":18},"end":{"line":20,"column":26}},{"start":{"line":20,"column":30},"end":{"line":20,"column":60}}],"line":20},"2":{"loc":{"start":{"line":21,"column":23},"end":{"line":21,"column":46}},"type":"binary-expr","locations":[{"start":{"line":21,"column":23},"end":{"line":21,"column":33}},{"start":{"line":21,"column":37},"end":{"line":21,"column":46}}],"line":21},"3":{"loc":{"start":{"line":43,"column":4},"end":{"line":67,"column":5}},"type":"if","locations":[{"start":{"line":43,"column":4},"end":{"line":67,"column":5}},{"start":{},"end":{}}],"line":43},"4":{"loc":{"start":{"line":57,"column":6},"end":{"line":59,"column":7}},"type":"if","locations":[{"start":{"line":57,"column":6},"end":{"line":59,"column":7}},{"start":{},"end":{}}],"line":57},"5":{"loc":{"start":{"line":61,"column":6},"end":{"line":63,"column":7}},"type":"if","locations":[{"start":{"line":61,"column":6},"end":{"line":63,"column":7}},{"start":{},"end":{}}],"line":61},"6":{"loc":{"start":{"line":84,"column":23},"end":{"line":84,"column":46}},"type":"binary-expr","locations":[{"start":{"line":84,"column":23},"end":{"line":84,"column":33}},{"start":{"line":84,"column":37},"end":{"line":84,"column":46}}],"line":84},"7":{"loc":{"start":{"line":90,"column":4},"end":{"line":92,"column":5}},"type":"if","locations":[{"start":{"line":90,"column":4},"end":{"line":92,"column":5}},{"start":{},"end":{}}],"line":90},"8":{"loc":{"start":{"line":117,"column":4},"end":{"line":119,"column":5}},"type":"if","locations":[{"start":{"line":117,"column":4},"end":{"line":119,"column":5}},{"start":{},"end":{}}],"line":117},"9":{"loc":{"start":{"line":126,"column":6},"end":{"line":128,"column":7}},"type":"if","locations":[{"start":{"line":126,"column":6},"end":{"line":128,"column":7}},{"start":{},"end":{}}],"line":126},"10":{"loc":{"start":{"line":132,"column":4},"end":{"line":134,"column":5}},"type":"if","locations":[{"start":{"line":132,"column":4},"end":{"line":134,"column":5}},{"start":{},"end":{}}],"line":132},"11":{"loc":{"start":{"line":159,"column":4},"end":{"line":161,"column":5}},"type":"if","locations":[{"start":{"line":159,"column":4},"end":{"line":161,"column":5}},{"start":{},"end":{}}],"line":159},"12":{"loc":{"start":{"line":168,"column":4},"end":{"line":179,"column":5}},"type":"if","locations":[{"start":{"line":168,"column":4},"end":{"line":179,"column":5}},{"start":{},"end":{}}],"line":168},"13":{"loc":{"start":{"line":200,"column":18},"end":{"line":200,"column":64}},"type":"cond-expr","locations":[{"start":{"line":200,"column":32},"end":{"line":200,"column":59}},{"start":{"line":200,"column":62},"end":{"line":200,"column":64}}],"line":200},"14":{"loc":{"start":{"line":201,"column":18},"end":{"line":201,"column":60}},"type":"binary-expr","locations":[{"start":{"line":201,"column":18},"end":{"line":201,"column":26}},{"start":{"line":201,"column":30},"end":{"line":201,"column":60}}],"line":201},"15":{"loc":{"start":{"line":202,"column":23},"end":{"line":202,"column":46}},"type":"binary-expr","locations":[{"start":{"line":202,"column":23},"end":{"line":202,"column":33}},{"start":{"line":202,"column":37},"end":{"line":202,"column":46}}],"line":202},"16":{"loc":{"start":{"line":208,"column":4},"end":{"line":210,"column":5}},"type":"if","locations":[{"start":{"line":208,"column":4},"end":{"line":210,"column":5}},{"start":{},"end":{}}],"line":208},"17":{"loc":{"start":{"line":228,"column":4},"end":{"line":234,"column":5}},"type":"if","locations":[{"start":{"line":228,"column":4},"end":{"line":234,"column":5}},{"start":{},"end":{}}],"line":228}},"s":{"0":2,"1":2,"2":2,"3":2,"4":2,"5":0,"6":0,"7":0,"8":0,"9":0,"10":0,"11":0,"12":0,"13":0,"14":0,"15":0,"16":0,"17":0,"18":0,"19":0,"20":0,"21":0,"22":0,"23":0,"24":0,"25":0,"26":0,"27":0,"28":0,"29":0,"30":2,"31":0,"32":0,"33":0,"34":0,"35":0,"36":0,"37":0,"38":0,"39":0,"40":0,"41":0,"42":2,"43":0,"44":0,"45":0,"46":0,"47":0,"48":0,"49":0,"50":0,"51":0,"52":0,"53":0,"54":0,"55":0,"56":0,"57":0,"58":0,"59":0,"60":0,"61":0,"62":2,"63":0,"64":0,"65":0,"66":0,"67":0,"68":0,"69":0,"70":0,"71":0,"72":0,"73":0,"74":0,"75":0,"76":0,"77":0,"78":0,"79":0,"80":2,"81":0,"82":0,"83":0,"84":0,"85":0,"86":0,"87":0,"88":0,"89":0,"90":0,"91":0,"92":0,"93":0,"94":0,"95":0,"96":0,"97":0,"98":0,"99":0,"100":0,"101":2},"f":{"0":0,"1":0,"2":0,"3":0,"4":0,"5":0,"6":0,"7":0},"b":{"0":[0,0],"1":[0,0],"2":[0,0],"3":[0,0],"4":[0,0],"5":[0,0],"6":[0,0],"7":[0,0],"8":[0,0],"9":[0,0],"10":[0,0],"11":[0,0],"12":[0,0],"13":[0,0],"14":[0,0],"15":[0,0],"16":[0,0],"17":[0,0]},"_coverageSchema":"1a1c01bbd47fc00a2c39e90264f33305004495a9","hash":"e069d960c00fc4cd32983d0bbfb52725a7d04f0e"}
,"/home/nahisaho/GitHub/oneroster-gradebook-reference/implementations/nodejs/src/controllers/lineItemController.js": {"path":"/home/nahisaho/GitHub/oneroster-gradebook-reference/implementations/nodejs/src/controllers/lineItemController.js","statementMap":{"0":{"start":{"line":1,"column":39},"end":{"line":1,"column":59}},"1":{"start":{"line":2,"column":43},"end":{"line":2,"column":80}},"2":{"start":{"line":3,"column":27},"end":{"line":3,"column":62}},"3":{"start":{"line":4,"column":15},"end":{"line":4,"column":41}},"4":{"start":{"line":16,"column":24},"end":{"line":74,"column":1}},"5":{"start":{"line":17,"column":2},"end":{"line":73,"column":3}},"6":{"start":{"line":18,"column":30},"end":{"line":18,"column":44}},"7":{"start":{"line":19,"column":18},"end":{"line":19,"column":64}},"8":{"start":{"line":20,"column":18},"end":{"line":20,"column":60}},"9":{"start":{"line":21,"column":23},"end":{"line":21,"column":46}},"10":{"start":{"line":23,"column":4},"end":{"line":23,"column":75}},"11":{"start":{"line":25,"column":28},"end":{"line":34,"column":6}},"12":{"start":{"line":37,"column":20},"end":{"line":37,"column":83}},"13":{"start":{"line":38,"column":21},"end":{"line":40,"column":5}},"14":{"start":{"line":39,"column":32},"end":{"line":39,"column":43}},"15":{"start":{"line":43,"column":4},"end":{"line":66,"column":5}},"16":{"start":{"line":44,"column":25},"end":{"line":44,"column":49}},"17":{"start":{"line":45,"column":26},"end":{"line":45,"column":56}},"18":{"start":{"line":47,"column":6},"end":{"line":53,"column":8}},"19":{"start":{"line":55,"column":6},"end":{"line":57,"column":8}},"20":{"start":{"line":59,"column":6},"end":{"line":61,"column":7}},"21":{"start":{"line":60,"column":8},"end":{"line":60,"column":84}},"22":{"start":{"line":63,"column":6},"end":{"line":65,"column":7}},"23":{"start":{"line":64,"column":8},"end":{"line":64,"column":97}},"24":{"start":{"line":68,"column":4},"end":{"line":68,"column":73}},"25":{"start":{"line":69,"column":4},"end":{"line":69,"column":23}},"26":{"start":{"line":71,"column":4},"end":{"line":71,"column":53}},"27":{"start":{"line":72,"column":4},"end":{"line":72,"column":16}},"28":{"start":{"line":80,"column":24},"end":{"line":104,"column":1}},"29":{"start":{"line":81,"column":2},"end":{"line":103,"column":3}},"30":{"start":{"line":82,"column":19},"end":{"line":82,"column":29}},"31":{"start":{"line":83,"column":23},"end":{"line":83,"column":46}},"32":{"start":{"line":85,"column":4},"end":{"line":85,"column":44}},"33":{"start":{"line":87,"column":21},"end":{"line":92,"column":6}},"34":{"start":{"line":94,"column":4},"end":{"line":96,"column":5}},"35":{"start":{"line":95,"column":6},"end":{"line":95,"column":59}},"36":{"start":{"line":98,"column":4},"end":{"line":98,"column":46}},"37":{"start":{"line":99,"column":4},"end":{"line":99,"column":46}},"38":{"start":{"line":101,"column":4},"end":{"line":101,"column":69}},"39":{"start":{"line":102,"column":4},"end":{"line":102,"column":16}},"40":{"start":{"line":110,"column":23},"end":{"line":141,"column":1}},"41":{"start":{"line":111,"column":2},"end":{"line":140,"column":3}},"42":{"start":{"line":112,"column":17},"end":{"line":112,"column":25}},"43":{"start":{"line":114,"column":4},"end":{"line":114,"column":44}},"44":{"start":{"line":117,"column":27},"end":{"line":117,"column":85}},"45":{"start":{"line":118,"column":26},"end":{"line":118,"column":70}},"46":{"start":{"line":118,"column":57},"end":{"line":118,"column":69}},"47":{"start":{"line":120,"column":4},"end":{"line":122,"column":5}},"48":{"start":{"line":121,"column":6},"end":{"line":121,"column":88}},"49":{"start":{"line":125,"column":4},"end":{"line":130,"column":5}},"50":{"start":{"line":126,"column":23},"end":{"line":126,"column":70}},"51":{"start":{"line":127,"column":6},"end":{"line":129,"column":7}},"52":{"start":{"line":128,"column":8},"end":{"line":128,"column":83}},"53":{"start":{"line":133,"column":21},"end":{"line":133,"column":48}},"54":{"start":{"line":135,"column":4},"end":{"line":135,"column":60}},"55":{"start":{"line":136,"column":4},"end":{"line":136,"column":58}},"56":{"start":{"line":138,"column":4},"end":{"line":138,"column":53}},"57":{"start":{"line":139,"column":4},"end":{"line":139,"column":16}},"58":{"start":{"line":147,"column":23},"end":{"line":197,"column":1}},"59":{"start":{"line":148,"column":2},"end":{"line":196,"column":3}},"60":{"start":{"line":149,"column":19},"end":{"line":149,"column":29}},"61":{"start":{"line":150,"column":20},"end":{"line":150,"column":28}},"62":{"start":{"line":152,"column":4},"end":{"line":152,"column":54}},"63":{"start":{"line":155,"column":21},"end":{"line":155,"column":48}},"64":{"start":{"line":157,"column":4},"end":{"line":159,"column":5}},"65":{"start":{"line":158,"column":6},"end":{"line":158,"column":59}},"66":{"start":{"line":162,"column":26},"end":{"line":166,"column":5}},"67":{"start":{"line":167,"column":23},"end":{"line":167,"column":25}},"68":{"start":{"line":169,"column":4},"end":{"line":173,"column":7}},"69":{"start":{"line":170,"column":6},"end":{"line":172,"column":7}},"70":{"start":{"line":171,"column":8},"end":{"line":171,"column":39}},"71":{"start":{"line":176,"column":4},"end":{"line":178,"column":5}},"72":{"start":{"line":177,"column":6},"end":{"line":177,"column":61}},"73":{"start":{"line":181,"column":4},"end":{"line":186,"column":5}},"74":{"start":{"line":182,"column":23},"end":{"line":182,"column":76}},"75":{"start":{"line":183,"column":6},"end":{"line":185,"column":7}},"76":{"start":{"line":184,"column":8},"end":{"line":184,"column":89}},"77":{"start":{"line":189,"column":4},"end":{"line":189,"column":38}},"78":{"start":{"line":191,"column":4},"end":{"line":191,"column":44}},"79":{"start":{"line":192,"column":4},"end":{"line":192,"column":46}},"80":{"start":{"line":194,"column":4},"end":{"line":194,"column":70}},"81":{"start":{"line":195,"column":4},"end":{"line":195,"column":16}},"82":{"start":{"line":203,"column":23},"end":{"line":242,"column":1}},"83":{"start":{"line":204,"column":2},"end":{"line":241,"column":3}},"84":{"start":{"line":205,"column":19},"end":{"line":205,"column":29}},"85":{"start":{"line":207,"column":4},"end":{"line":207,"column":45}},"86":{"start":{"line":209,"column":21},"end":{"line":209,"column":48}},"87":{"start":{"line":211,"column":4},"end":{"line":213,"column":5}},"88":{"start":{"line":212,"column":6},"end":{"line":212,"column":59}},"89":{"start":{"line":216,"column":24},"end":{"line":218,"column":6}},"90":{"start":{"line":220,"column":4},"end":{"line":231,"column":5}},"91":{"start":{"line":221,"column":6},"end":{"line":221,"column":63}},"92":{"start":{"line":224,"column":6},"end":{"line":224,"column":55}},"93":{"start":{"line":226,"column":6},"end":{"line":226,"column":51}},"94":{"start":{"line":227,"column":6},"end":{"line":230,"column":9}},"95":{"start":{"line":234,"column":4},"end":{"line":234,"column":29}},"96":{"start":{"line":236,"column":4},"end":{"line":236,"column":49}},"97":{"start":{"line":237,"column":4},"end":{"line":237,"column":27}},"98":{"start":{"line":239,"column":4},"end":{"line":239,"column":70}},"99":{"start":{"line":240,"column":4},"end":{"line":240,"column":16}},"100":{"start":{"line":248,"column":27},"end":{"line":294,"column":1}},"101":{"start":{"line":249,"column":2},"end":{"line":293,"column":3}},"102":{"start":{"line":250,"column":19},"end":{"line":250,"column":29}},"103":{"start":{"line":251,"column":30},"end":{"line":251,"column":44}},"104":{"start":{"line":252,"column":18},"end":{"line":252,"column":64}},"105":{"start":{"line":253,"column":18},"end":{"line":253,"column":60}},"106":{"start":{"line":254,"column":23},"end":{"line":254,"column":46}},"107":{"start":{"line":256,"column":4},"end":{"line":256,"column":56}},"108":{"start":{"line":259,"column":21},"end":{"line":259,"column":48}},"109":{"start":{"line":260,"column":4},"end":{"line":262,"column":5}},"110":{"start":{"line":261,"column":6},"end":{"line":261,"column":59}},"111":{"start":{"line":265,"column":4},"end":{"line":265,"column":33}},"112":{"start":{"line":267,"column":28},"end":{"line":273,"column":6}},"113":{"start":{"line":275,"column":21},"end":{"line":277,"column":5}},"114":{"start":{"line":276,"column":29},"end":{"line":276,"column":39}},"115":{"start":{"line":280,"column":4},"end":{"line":286,"column":5}},"116":{"start":{"line":281,"column":6},"end":{"line":285,"column":8}},"117":{"start":{"line":288,"column":4},"end":{"line":288,"column":90}},"118":{"start":{"line":289,"column":4},"end":{"line":289,"column":23}},"119":{"start":{"line":291,"column":4},"end":{"line":291,"column":81}},"120":{"start":{"line":292,"column":4},"end":{"line":292,"column":16}},"121":{"start":{"line":296,"column":0},"end":{"line":303,"column":2}}},"fnMap":{"0":{"name":"(anonymous_0)","decl":{"start":{"line":16,"column":24},"end":{"line":16,"column":25}},"loc":{"start":{"line":16,"column":44},"end":{"line":74,"column":1}},"line":16},"1":{"name":"(anonymous_1)","decl":{"start":{"line":39,"column":26},"end":{"line":39,"column":27}},"loc":{"start":{"line":39,"column":32},"end":{"line":39,"column":43}},"line":39},"2":{"name":"(anonymous_2)","decl":{"start":{"line":80,"column":24},"end":{"line":80,"column":25}},"loc":{"start":{"line":80,"column":44},"end":{"line":104,"column":1}},"line":80},"3":{"name":"(anonymous_3)","decl":{"start":{"line":110,"column":23},"end":{"line":110,"column":24}},"loc":{"start":{"line":110,"column":43},"end":{"line":141,"column":1}},"line":110},"4":{"name":"(anonymous_4)","decl":{"start":{"line":118,"column":48},"end":{"line":118,"column":49}},"loc":{"start":{"line":118,"column":57},"end":{"line":118,"column":69}},"line":118},"5":{"name":"(anonymous_5)","decl":{"start":{"line":147,"column":23},"end":{"line":147,"column":24}},"loc":{"start":{"line":147,"column":43},"end":{"line":197,"column":1}},"line":147},"6":{"name":"(anonymous_6)","decl":{"start":{"line":169,"column":33},"end":{"line":169,"column":34}},"loc":{"start":{"line":169,"column":40},"end":{"line":173,"column":5}},"line":169},"7":{"name":"(anonymous_7)","decl":{"start":{"line":203,"column":23},"end":{"line":203,"column":24}},"loc":{"start":{"line":203,"column":43},"end":{"line":242,"column":1}},"line":203},"8":{"name":"(anonymous_8)","decl":{"start":{"line":248,"column":27},"end":{"line":248,"column":28}},"loc":{"start":{"line":248,"column":47},"end":{"line":294,"column":1}},"line":248},"9":{"name":"(anonymous_9)","decl":{"start":{"line":276,"column":24},"end":{"line":276,"column":25}},"loc":{"start":{"line":276,"column":29},"end":{"line":276,"column":39}},"line":276}},"branchMap":{"0":{"loc":{"start":{"line":19,"column":18},"end":{"line":19,"column":64}},"type":"cond-expr","locations":[{"start":{"line":19,"column":32},"end":{"line":19,"column":59}},{"start":{"line":19,"column":62},"end":{"line":19,"column":64}}],"line":19},"1":{"loc":{"start":{"line":20,"column":18},"end":{"line":20,"column":60}},"type":"binary-expr","locations":[{"start":{"line":20,"column":18},"end":{"line":20,"column":26}},{"start":{"line":20,"column":30},"end":{"line":20,"column":60}}],"line":20},"2":{"loc":{"start":{"line":21,"column":23},"end":{"line":21,"column":46}},"type":"binary-expr","locations":[{"start":{"line":21,"column":23},"end":{"line":21,"column":33}},{"start":{"line":21,"column":37},"end":{"line":21,"column":46}}],"line":21},"3":{"loc":{"start":{"line":31,"column":15},"end":{"line":33,"column":19}},"type":"cond-expr","locations":[{"start":{"line":31,"column":50},"end":{"line":33,"column":7}},{"start":{"line":33,"column":10},"end":{"line":33,"column":19}}],"line":31},"4":{"loc":{"start":{"line":43,"column":4},"end":{"line":66,"column":5}},"type":"if","locations":[{"start":{"line":43,"column":4},"end":{"line":66,"column":5}},{"start":{},"end":{}}],"line":43},"5":{"loc":{"start":{"line":59,"column":6},"end":{"line":61,"column":7}},"type":"if","locations":[{"start":{"line":59,"column":6},"end":{"line":61,"column":7}},{"start":{},"end":{}}],"line":59},"6":{"loc":{"start":{"line":63,"column":6},"end":{"line":65,"column":7}},"type":"if","locations":[{"start":{"line":63,"column":6},"end":{"line":65,"column":7}},{"start":{},"end":{}}],"line":63},"7":{"loc":{"start":{"line":83,"column":23},"end":{"line":83,"column":46}},"type":"binary-expr","locations":[{"start":{"line":83,"column":23},"end":{"line":83,"column":33}},{"start":{"line":83,"column":37},"end":{"line":83,"column":46}}],"line":83},"8":{"loc":{"start":{"line":89,"column":15},"end":{"line":91,"column":19}},"type":"cond-expr","locations":[{"start":{"line":89,"column":50},"end":{"line":91,"column":7}},{"start":{"line":91,"column":10},"end":{"line":91,"column":19}}],"line":89},"9":{"loc":{"start":{"line":94,"column":4},"end":{"line":96,"column":5}},"type":"if","locations":[{"start":{"line":94,"column":4},"end":{"line":96,"column":5}},{"start":{},"end":{}}],"line":94},"10":{"loc":{"start":{"line":120,"column":4},"end":{"line":122,"column":5}},"type":"if","locations":[{"start":{"line":120,"column":4},"end":{"line":122,"column":5}},{"start":{},"end":{}}],"line":120},"11":{"loc":{"start":{"line":125,"column":4},"end":{"line":130,"column":5}},"type":"if","locations":[{"start":{"line":125,"column":4},"end":{"line":130,"column":5}},{"start":{},"end":{}}],"line":125},"12":{"loc":{"start":{"line":127,"column":6},"end":{"line":129,"column":7}},"type":"if","locations":[{"start":{"line":127,"column":6},"end":{"line":129,"column":7}},{"start":{},"end":{}}],"line":127},"13":{"loc":{"start":{"line":157,"column":4},"end":{"line":159,"column":5}},"type":"if","locations":[{"start":{"line":157,"column":4},"end":{"line":159,"column":5}},{"start":{},"end":{}}],"line":157},"14":{"loc":{"start":{"line":170,"column":6},"end":{"line":172,"column":7}},"type":"if","locations":[{"start":{"line":170,"column":6},"end":{"line":172,"column":7}},{"start":{},"end":{}}],"line":170},"15":{"loc":{"start":{"line":176,"column":4},"end":{"line":178,"column":5}},"type":"if","locations":[{"start":{"line":176,"column":4},"end":{"line":178,"column":5}},{"start":{},"end":{}}],"line":176},"16":{"loc":{"start":{"line":181,"column":4},"end":{"line":186,"column":5}},"type":"if","locations":[{"start":{"line":181,"column":4},"end":{"line":186,"column":5}},{"start":{},"end":{}}],"line":181},"17":{"loc":{"start":{"line":183,"column":6},"end":{"line":185,"column":7}},"type":"if","locations":[{"start":{"line":183,"column":6},"end":{"line":185,"column":7}},{"start":{},"end":{}}],"line":183},"18":{"loc":{"start":{"line":211,"column":4},"end":{"line":213,"column":5}},"type":"if","locations":[{"start":{"line":211,"column":4},"end":{"line":213,"column":5}},{"start":{},"end":{}}],"line":211},"19":{"loc":{"start":{"line":220,"column":4},"end":{"line":231,"column":5}},"type":"if","locations":[{"start":{"line":220,"column":4},"end":{"line":231,"column":5}},{"start":{},"end":{}}],"line":220},"20":{"loc":{"start":{"line":252,"column":18},"end":{"line":252,"column":64}},"type":"cond-expr","locations":[{"start":{"line":252,"column":32},"end":{"line":252,"column":59}},{"start":{"line":252,"column":62},"end":{"line":252,"column":64}}],"line":252},"21":{"loc":{"start":{"line":253,"column":18},"end":{"line":253,"column":60}},"type":"binary-expr","locations":[{"start":{"line":253,"column":18},"end":{"line":253,"column":26}},{"start":{"line":253,"column":30},"end":{"line":253,"column":60}}],"line":253},"22":{"loc":{"start":{"line":254,"column":23},"end":{"line":254,"column":46}},"type":"binary-expr","locations":[{"start":{"line":254,"column":23},"end":{"line":254,"column":33}},{"start":{"line":254,"column":37},"end":{"line":254,"column":46}}],"line":254},"23":{"loc":{"start":{"line":260,"column":4},"end":{"line":262,"column":5}},"type":"if","locations":[{"start":{"line":260,"column":4},"end":{"line":262,"column":5}},{"start":{},"end":{}}],"line":260},"24":{"loc":{"start":{"line":280,"column":4},"end":{"line":286,"column":5}},"type":"if","locations":[{"start":{"line":280,"column":4},"end":{"line":286,"column":5}},{"start":{},"end":{}}],"line":280}},"s":{"0":2,"1":2,"2":2,"3":2,"4":2,"5":0,"6":0,"7":0,"8":0,"9":0,"10":0,"11":0,"12":0,"13":0,"14":0,"15":0,"16":0,"17":0,"18":0,"19":0,"20":0,"21":0,"22":0,"23":0,"24":0,"25":0,"26":0,"27":0,"28":2,"29":0,"30":0,"31":0,"32":0,"33":0,"34":0,"35":0,"36":0,"37":0,"38":0,"39":0,"40":2,"41":0,"42":0,"43":0,"44":0,"45":0,"46":0,"47":0,"48":0,"49":0,"50":0,"51":0,"52":0,"53":0,"54":0,"55":0,"56":0,"57":0,"58":2,"59":0,"60":0,"61":0,"62":0,"63":0,"64":0,"65":0,"66":0,"67":0,"68":0,"69":0,"70":0,"71":0,"72":0,"73":0,"74":0,"75":0,"76":0,"77":0,"78":0,"79":0,"80":0,"81":0,"82":2,"83":0,"84":0,"85":0,"86":0,"87":0,"88":0,"89":0,"90":0,"91":0,"92":0,"93":0,"94":0,"95":0,"96":0,"97":0,"98":0,"99":0,"100":2,"101":0,"102":0,"103":0,"104":0,"105":0,"106":0,"107":0,"108":0,"109":0,"110":0,"111":0,"112":0,"113":0,"114":0,"115":0,"116":0,"117":0,"118":0,"119":0,"120":0,"121":2},"f":{"0":0,"1":0,"2":0,"3":0,"4":0,"5":0,"6":0,"7":0,"8":0,"9":0},"b":{"0":[0,0],"1":[0,0],"2":[0,0],"3":[0,0],"4":[0,0],"5":[0,0],"6":[0,0],"7":[0,0],"8":[0,0],"9":[0,0],"10":[0,0],"11":[0,0],"12":[0,0],"13":[0,0],"14":[0,0],"15":[0,0],"16":[0,0],"17":[0,0],"18":[0,0],"19":[0,0],"20":[0,0],"21":[0,0],"22":[0,0],"23":[0,0],"24":[0,0]},"_coverageSchema":"1a1c01bbd47fc00a2c39e90264f33305004495a9","hash":"02c2b1394c18616952d76c22e5b67d51265826c2"}
,"/home/nahisaho/GitHub/oneroster-gradebook-reference/implementations/nodejs/src/controllers/resultController.js": {"path":"/home/nahisaho/GitHub/oneroster-gradebook-reference/implementations/nodejs/src/controllers/resultController.js","statementMap":{"0":{"start":{"line":1,"column":29},"end":{"line":1,"column":49}},"1":{"start":{"line":2,"column":43},"end":{"line":2,"column":80}},"2":{"start":{"line":3,"column":27},"end":{"line":3,"column":62}},"3":{"start":{"line":4,"column":15},"end":{"line":4,"column":41}},"4":{"start":{"line":16,"column":22},"end":{"line":74,"column":1}},"5":{"start":{"line":17,"column":2},"end":{"line":73,"column":3}},"6":{"start":{"line":18,"column":30},"end":{"line":18,"column":44}},"7":{"start":{"line":19,"column":18},"end":{"line":19,"column":64}},"8":{"start":{"line":20,"column":18},"end":{"line":20,"column":60}},"9":{"start":{"line":21,"column":23},"end":{"line":21,"column":46}},"10":{"start":{"line":23,"column":4},"end":{"line":23,"column":72}},"11":{"start":{"line":25,"column":28},"end":{"line":34,"column":6}},"12":{"start":{"line":37,"column":20},"end":{"line":37,"column":83}},"13":{"start":{"line":38,"column":21},"end":{"line":40,"column":5}},"14":{"start":{"line":39,"column":29},"end":{"line":39,"column":39}},"15":{"start":{"line":43,"column":4},"end":{"line":66,"column":5}},"16":{"start":{"line":44,"column":25},"end":{"line":44,"column":49}},"17":{"start":{"line":45,"column":26},"end":{"line":45,"column":56}},"18":{"start":{"line":47,"column":6},"end":{"line":53,"column":8}},"19":{"start":{"line":55,"column":6},"end":{"line":57,"column":8}},"20":{"start":{"line":59,"column":6},"end":{"line":61,"column":7}},"21":{"start":{"line":60,"column":8},"end":{"line":60,"column":84}},"22":{"start":{"line":63,"column":6},"end":{"line":65,"column":7}},"23":{"start":{"line":64,"column":8},"end":{"line":64,"column":97}},"24":{"start":{"line":68,"column":4},"end":{"line":68,"column":70}},"25":{"start":{"line":69,"column":4},"end":{"line":69,"column":23}},"26":{"start":{"line":71,"column":4},"end":{"line":71,"column":50}},"27":{"start":{"line":72,"column":4},"end":{"line":72,"column":16}},"28":{"start":{"line":80,"column":22},"end":{"line":104,"column":1}},"29":{"start":{"line":81,"column":2},"end":{"line":103,"column":3}},"30":{"start":{"line":82,"column":19},"end":{"line":82,"column":29}},"31":{"start":{"line":83,"column":23},"end":{"line":83,"column":46}},"32":{"start":{"line":85,"column":4},"end":{"line":85,"column":41}},"33":{"start":{"line":87,"column":19},"end":{"line":92,"column":6}},"34":{"start":{"line":94,"column":4},"end":{"line":96,"column":5}},"35":{"start":{"line":95,"column":6},"end":{"line":95,"column":57}},"36":{"start":{"line":98,"column":4},"end":{"line":98,"column":43}},"37":{"start":{"line":99,"column":4},"end":{"line":99,"column":42}},"38":{"start":{"line":101,"column":4},"end":{"line":101,"column":66}},"39":{"start":{"line":102,"column":4},"end":{"line":102,"column":16}},"40":{"start":{"line":110,"column":21},"end":{"line":151,"column":1}},"41":{"start":{"line":111,"column":2},"end":{"line":150,"column":3}},"42":{"start":{"line":112,"column":17},"end":{"line":112,"column":25}},"43":{"start":{"line":114,"column":4},"end":{"line":114,"column":41}},"44":{"start":{"line":117,"column":27},"end":{"line":117,"column":96}},"45":{"start":{"line":118,"column":26},"end":{"line":118,"column":70}},"46":{"start":{"line":118,"column":57},"end":{"line":118,"column":69}},"47":{"start":{"line":120,"column":4},"end":{"line":122,"column":5}},"48":{"start":{"line":121,"column":6},"end":{"line":121,"column":88}},"49":{"start":{"line":125,"column":21},"end":{"line":125,"column":68}},"50":{"start":{"line":126,"column":4},"end":{"line":128,"column":5}},"51":{"start":{"line":127,"column":6},"end":{"line":127,"column":81}},"52":{"start":{"line":131,"column":25},"end":{"line":131,"column":61}},"53":{"start":{"line":132,"column":20},"end":{"line":132,"column":47}},"54":{"start":{"line":134,"column":4},"end":{"line":136,"column":5}},"55":{"start":{"line":135,"column":6},"end":{"line":135,"column":95}},"56":{"start":{"line":138,"column":4},"end":{"line":140,"column":5}},"57":{"start":{"line":139,"column":6},"end":{"line":139,"column":96}},"58":{"start":{"line":143,"column":19},"end":{"line":143,"column":44}},"59":{"start":{"line":145,"column":4},"end":{"line":145,"column":55}},"60":{"start":{"line":146,"column":4},"end":{"line":146,"column":54}},"61":{"start":{"line":148,"column":4},"end":{"line":148,"column":50}},"62":{"start":{"line":149,"column":4},"end":{"line":149,"column":16}},"63":{"start":{"line":157,"column":21},"end":{"line":211,"column":1}},"64":{"start":{"line":158,"column":2},"end":{"line":210,"column":3}},"65":{"start":{"line":159,"column":19},"end":{"line":159,"column":29}},"66":{"start":{"line":160,"column":20},"end":{"line":160,"column":28}},"67":{"start":{"line":162,"column":4},"end":{"line":162,"column":51}},"68":{"start":{"line":165,"column":19},"end":{"line":165,"column":44}},"69":{"start":{"line":167,"column":4},"end":{"line":169,"column":5}},"70":{"start":{"line":168,"column":6},"end":{"line":168,"column":57}},"71":{"start":{"line":172,"column":26},"end":{"line":172,"column":86}},"72":{"start":{"line":173,"column":23},"end":{"line":173,"column":25}},"73":{"start":{"line":175,"column":4},"end":{"line":179,"column":7}},"74":{"start":{"line":176,"column":6},"end":{"line":178,"column":7}},"75":{"start":{"line":177,"column":8},"end":{"line":177,"column":39}},"76":{"start":{"line":182,"column":4},"end":{"line":184,"column":5}},"77":{"start":{"line":183,"column":6},"end":{"line":183,"column":61}},"78":{"start":{"line":187,"column":4},"end":{"line":200,"column":5}},"79":{"start":{"line":188,"column":27},"end":{"line":188,"column":63}},"80":{"start":{"line":189,"column":22},"end":{"line":189,"column":49}},"81":{"start":{"line":191,"column":25},"end":{"line":191,"column":89}},"82":{"start":{"line":193,"column":6},"end":{"line":195,"column":7}},"83":{"start":{"line":194,"column":8},"end":{"line":194,"column":103}},"84":{"start":{"line":197,"column":6},"end":{"line":199,"column":7}},"85":{"start":{"line":198,"column":8},"end":{"line":198,"column":104}},"86":{"start":{"line":203,"column":4},"end":{"line":203,"column":36}},"87":{"start":{"line":205,"column":4},"end":{"line":205,"column":41}},"88":{"start":{"line":206,"column":4},"end":{"line":206,"column":42}},"89":{"start":{"line":208,"column":4},"end":{"line":208,"column":67}},"90":{"start":{"line":209,"column":4},"end":{"line":209,"column":16}},"91":{"start":{"line":217,"column":21},"end":{"line":238,"column":1}},"92":{"start":{"line":218,"column":2},"end":{"line":237,"column":3}},"93":{"start":{"line":219,"column":19},"end":{"line":219,"column":29}},"94":{"start":{"line":221,"column":4},"end":{"line":221,"column":42}},"95":{"start":{"line":223,"column":19},"end":{"line":223,"column":44}},"96":{"start":{"line":225,"column":4},"end":{"line":227,"column":5}},"97":{"start":{"line":226,"column":6},"end":{"line":226,"column":57}},"98":{"start":{"line":230,"column":4},"end":{"line":230,"column":27}},"99":{"start":{"line":232,"column":4},"end":{"line":232,"column":41}},"100":{"start":{"line":233,"column":4},"end":{"line":233,"column":27}},"101":{"start":{"line":235,"column":4},"end":{"line":235,"column":67}},"102":{"start":{"line":236,"column":4},"end":{"line":236,"column":16}},"103":{"start":{"line":244,"column":28},"end":{"line":287,"column":1}},"104":{"start":{"line":245,"column":2},"end":{"line":286,"column":3}},"105":{"start":{"line":246,"column":26},"end":{"line":246,"column":36}},"106":{"start":{"line":247,"column":30},"end":{"line":247,"column":44}},"107":{"start":{"line":248,"column":18},"end":{"line":248,"column":64}},"108":{"start":{"line":249,"column":18},"end":{"line":249,"column":60}},"109":{"start":{"line":250,"column":23},"end":{"line":250,"column":46}},"110":{"start":{"line":252,"column":4},"end":{"line":252,"column":61}},"111":{"start":{"line":255,"column":4},"end":{"line":255,"column":39}},"112":{"start":{"line":257,"column":28},"end":{"line":266,"column":6}},"113":{"start":{"line":268,"column":21},"end":{"line":270,"column":5}},"114":{"start":{"line":269,"column":29},"end":{"line":269,"column":39}},"115":{"start":{"line":273,"column":4},"end":{"line":279,"column":5}},"116":{"start":{"line":274,"column":6},"end":{"line":278,"column":8}},"117":{"start":{"line":281,"column":4},"end":{"line":281,"column":95}},"118":{"start":{"line":282,"column":4},"end":{"line":282,"column":23}},"119":{"start":{"line":284,"column":4},"end":{"line":284,"column":86}},"120":{"start":{"line":285,"column":4},"end":{"line":285,"column":16}},"121":{"start":{"line":289,"column":0},"end":{"line":296,"column":2}}},"fnMap":{"0":{"name":"(anonymous_0)","decl":{"start":{"line":16,"column":22},"end":{"line":16,"column":23}},"loc":{"start":{"line":16,"column":42},"end":{"line":74,"column":1}},"line":16},"1":{"name":"(anonymous_1)","decl":{"start":{"line":39,"column":24},"end":{"line":39,"column":25}},"loc":{"start":{"line":39,"column":29},"end":{"line":39,"column":39}},"line":39},"2":{"name":"(anonymous_2)","decl":{"start":{"line":80,"column":22},"end":{"line":80,"column":23}},"loc":{"start":{"line":80,"column":42},"end":{"line":104,"column":1}},"line":80},"3":{"name":"(anonymous_3)","decl":{"start":{"line":110,"column":21},"end":{"line":110,"column":22}},"loc":{"start":{"line":110,"column":41},"end":{"line":151,"column":1}},"line":110},"4":{"name":"(anonymous_4)","decl":{"start":{"line":118,"column":48},"end":{"line":118,"column":49}},"loc":{"start":{"line":118,"column":57},"end":{"line":118,"column":69}},"line":118},"5":{"name":"(anonymous_5)","decl":{"start":{"line":157,"column":21},"end":{"line":157,"column":22}},"loc":{"start":{"line":157,"column":41},"end":{"line":211,"column":1}},"line":157},"6":{"name":"(anonymous_6)","decl":{"start":{"line":175,"column":33},"end":{"line":175,"column":34}},"loc":{"start":{"line":175,"column":40},"end":{"line":179,"column":5}},"line":175},"7":{"name":"(anonymous_7)","decl":{"start":{"line":217,"column":21},"end":{"line":217,"column":22}},"loc":{"start":{"line":217,"column":41},"end":{"line":238,"column":1}},"line":217},"8":{"name":"(anonymous_8)","decl":{"start":{"line":244,"column":28},"end":{"line":244,"column":29}},"loc":{"start":{"line":244,"column":48},"end":{"line":287,"column":1}},"line":244},"9":{"name":"(anonymous_9)","decl":{"start":{"line":269,"column":24},"end":{"line":269,"column":25}},"loc":{"start":{"line":269,"column":29},"end":{"line":269,"column":39}},"line":269}},"branchMap":{"0":{"loc":{"start":{"line":19,"column":18},"end":{"line":19,"column":64}},"type":"cond-expr","locations":[{"start":{"line":19,"column":32},"end":{"line":19,"column":59}},{"start":{"line":19,"column":62},"end":{"line":19,"column":64}}],"line":19},"1":{"loc":{"start":{"line":20,"column":18},"end":{"line":20,"column":60}},"type":"binary-expr","locations":[{"start":{"line":20,"column":18},"end":{"line":20,"column":26}},{"start":{"line":20,"column":30},"end":{"line":20,"column":60}}],"line":20},"2":{"loc":{"start":{"line":21,"column":23},"end":{"line":21,"column":46}},"type":"binary-expr","locations":[{"start":{"line":21,"column":23},"end":{"line":21,"column":33}},{"start":{"line":21,"column":37},"end":{"line":21,"column":46}}],"line":21},"3":{"loc":{"start":{"line":31,"column":15},"end":{"line":33,"column":19}},"type":"cond-expr","locations":[{"start":{"line":31,"column":50},"end":{"line":33,"column":7}},{"start":{"line":33,"column":10},"end":{"line":33,"column":19}}],"line":31},"4":{"loc":{"start":{"line":43,"column":4},"end":{"line":66,"column":5}},"type":"if","locations":[{"start":{"line":43,"column":4},"end":{"line":66,"column":5}},{"start":{},"end":{}}],"line":43},"5":{"loc":{"start":{"line":59,"column":6},"end":{"line":61,"column":7}},"type":"if","locations":[{"start":{"line":59,"column":6},"end":{"line":61,"column":7}},{"start":{},"end":{}}],"line":59},"6":{"loc":{"start":{"line":63,"column":6},"end":{"line":65,"column":7}},"type":"if","locations":[{"start":{"line":63,"column":6},"end":{"line":65,"column":7}},{"start":{},"end":{}}],"line":63},"7":{"loc":{"start":{"line":83,"column":23},"end":{"line":83,"column":46}},"type":"binary-expr","locations":[{"start":{"line":83,"column":23},"end":{"line":83,"column":33}},{"start":{"line":83,"column":37},"end":{"line":83,"column":46}}],"line":83},"8":{"loc":{"start":{"line":89,"column":15},"end":{"line":91,"column":19}},"type":"cond-expr","locations":[{"start":{"line":89,"column":50},"end":{"line":91,"column":7}},{"start":{"line":91,"column":10},"end":{"line":91,"column":19}}],"line":89},"9":{"loc":{"start":{"line":94,"column":4},"end":{"line":96,"column":5}},"type":"if","locations":[{"start":{"line":94,"column":4},"end":{"line":96,"column":5}},{"start":{},"end":{}}],"line":94},"10":{"loc":{"start":{"line":120,"column":4},"end":{"line":122,"column":5}},"type":"if","locations":[{"start":{"line":120,"column":4},"end":{"line":122,"column":5}},{"start":{},"end":{}}],"line":120},"11":{"loc":{"start":{"line":126,"column":4},"end":{"line":128,"column":5}},"type":"if","locations":[{"start":{"line":126,"column":4},"end":{"line":128,"column":5}},{"start":{},"end":{}}],"line":126},"12":{"loc":{"start":{"line":134,"column":4},"end":{"line":136,"column":5}},"type":"if","locations":[{"start":{"line":134,"column":4},"end":{"line":136,"column":5}},{"start":{},"end":{}}],"line":134},"13":{"loc":{"start":{"line":134,"column":8},"end":{"line":134,"column":100}},"type":"binary-expr","locations":[{"start":{"line":134,"column":8},"end":{"line":134,"column":47}},{"start":{"line":134,"column":52},"end":{"line":134,"column":71}},{"start":{"line":134,"column":75},"end":{"line":134,"column":99}}],"line":134},"14":{"loc":{"start":{"line":138,"column":4},"end":{"line":140,"column":5}},"type":"if","locations":[{"start":{"line":138,"column":4},"end":{"line":140,"column":5}},{"start":{},"end":{}}],"line":138},"15":{"loc":{"start":{"line":138,"column":8},"end":{"line":138,"column":93}},"type":"binary-expr","locations":[{"start":{"line":138,"column":8},"end":{"line":138,"column":42}},{"start":{"line":138,"column":46},"end":{"line":138,"column":65}},{"start":{"line":138,"column":69},"end":{"line":138,"column":93}}],"line":138},"16":{"loc":{"start":{"line":167,"column":4},"end":{"line":169,"column":5}},"type":"if","locations":[{"start":{"line":167,"column":4},"end":{"line":169,"column":5}},{"start":{},"end":{}}],"line":167},"17":{"loc":{"start":{"line":176,"column":6},"end":{"line":178,"column":7}},"type":"if","locations":[{"start":{"line":176,"column":6},"end":{"line":178,"column":7}},{"start":{},"end":{}}],"line":176},"18":{"loc":{"start":{"line":182,"column":4},"end":{"line":184,"column":5}},"type":"if","locations":[{"start":{"line":182,"column":4},"end":{"line":184,"column":5}},{"start":{},"end":{}}],"line":182},"19":{"loc":{"start":{"line":187,"column":4},"end":{"line":200,"column":5}},"type":"if","locations":[{"start":{"line":187,"column":4},"end":{"line":200,"column":5}},{"start":{},"end":{}}],"line":187},"20":{"loc":{"start":{"line":191,"column":25},"end":{"line":191,"column":89}},"type":"cond-expr","locations":[{"start":{"line":191,"column":58},"end":{"line":191,"column":74}},{"start":{"line":191,"column":77},"end":{"line":191,"column":89}}],"line":191},"21":{"loc":{"start":{"line":193,"column":6},"end":{"line":195,"column":7}},"type":"if","locations":[{"start":{"line":193,"column":6},"end":{"line":195,"column":7}},{"start":{},"end":{}}],"line":193},"22":{"loc":{"start":{"line":193,"column":10},"end":{"line":193,"column":108}},"type":"binary-expr","locations":[{"start":{"line":193,"column":10},"end":{"line":193,"column":55}},{"start":{"line":193,"column":60},"end":{"line":193,"column":79}},{"start":{"line":193,"column":83},"end":{"line":193,"column":107}}],"line":193},"23":{"loc":{"start":{"line":197,"column":6},"end":{"line":199,"column":7}},"type":"if","locations":[{"start":{"line":197,"column":6},"end":{"line":199,"column":7}},{"start":{},"end":{}}],"line":197},"24":{"loc":{"start":{"line":197,"column":10},"end":{"line":197,"column":101}},"type":"binary-expr","locations":[{"start":{"line":197,"column":10},"end":{"line":197,"column":50}},{"start":{"line":197,"column":54},"end":{"line":197,"column":73}},{"start":{"line":197,"column":77},"end":{"line":197,"column":101}}],"line":197},"25":{"loc":{"start":{"line":225,"column":4},"end":{"line":227,"column":5}},"type":"if","locations":[{"start":{"line":225,"column":4},"end":{"line":227,"column":5}},{"start":{},"end":{}}],"line":225},"26":{"loc":{"start":{"line":248,"column":18},"end":{"line":248,"column":64}},"type":"cond-expr","locations":[{"start":{"line":248,"column":32},"end":{"line":248,"column":59}},{"start":{"line":248,"column":62},"end":{"line":248,"column":64}}],"line":248},"27":{"loc":{"start":{"line":249,"column":18},"end":{"line":249,"column":60}},"type":"binary-expr","locations":[{"start":{"line":249,"column":18},"end":{"line":249,"column":26}},{"start":{"line":249,"column":30},"end":{"line":249,"column":60}}],"line":249},"28":{"loc":{"start":{"line":250,"column":23},"end":{"line":250,"column":46}},"type":"binary-expr","locations":[{"start":{"line":250,"column":23},"end":{"line":250,"column":33}},{"start":{"line":250,"column":37},"end":{"line":250,"column":46}}],"line":250},"29":{"loc":{"start":{"line":263,"column":15},"end":{"line":265,"column":19}},"type":"cond-expr","locations":[{"start":{"line":263,"column":50},"end":{"line":265,"column":7}},{"start":{"line":265,"column":10},"end":{"line":265,"column":19}}],"line":263},"30":{"loc":{"start":{"line":273,"column":4},"end":{"line":279,"column":5}},"type":"if","locations":[{"start":{"line":273,"column":4},"end":{"line":279,"column":5}},{"start":{},"end":{}}],"line":273}},"s":{"0":2,"1":2,"2":2,"3":2,"4":2,"5":0,"6":0,"7":0,"8":0,"9":0,"10":0,"11":0,"12":0,"13":0,"14":0,"15":0,"16":0,"17":0,"18":0,"19":0,"20":0,"21":0,"22":0,"23":0,"24":0,"25":0,"26":0,"27":0,"28":2,"29":0,"30":0,"31":0,"32":0,"33":0,"34":0,"35":0,"36":0,"37":0,"38":0,"39":0,"40":2,"41":0,"42":0,"43":0,"44":0,"45":0,"46":0,"47":0,"48":0,"49":0,"50":0,"51":0,"52":0,"53":0,"54":0,"55":0,"56":0,"57":0,"58":0,"59":0,"60":0,"61":0,"62":0,"63":2,"64":0,"65":0,"66":0,"67":0,"68":0,"69":0,"70":0,"71":0,"72":0,"73":0,"74":0,"75":0,"76":0,"77":0,"78":0,"79":0,"80":0,"81":0,"82":0,"83":0,"84":0,"85":0,"86":0,"87":0,"88":0,"89":0,"90":0,"91":2,"92":0,"93":0,"94":0,"95":0,"96":0,"97":0,"98":0,"99":0,"100":0,"101":0,"102":0,"103":2,"104":0,"105":0,"106":0,"107":0,"108":0,"109":0,"110":0,"111":0,"112":0,"113":0,"114":0,"115":0,"116":0,"117":0,"118":0,"119":0,"120":0,"121":2},"f":{"0":0,"1":0,"2":0,"3":0,"4":0,"5":0,"6":0,"7":0,"8":0,"9":0},"b":{"0":[0,0],"1":[0,0],"2":[0,0],"3":[0,0],"4":[0,0],"5":[0,0],"6":[0,0],"7":[0,0],"8":[0,0],"9":[0,0],"10":[0,0],"11":[0,0],"12":[0,0],"13":[0,0,0],"14":[0,0],"15":[0,0,0],"16":[0,0],"17":[0,0],"18":[0,0],"19":[0,0],"20":[0,0],"21":[0,0],"22":[0,0,0],"23":[0,0],"24":[0,0,0],"25":[0,0],"26":[0,0],"27":[0,0],"28":[0,0],"29":[0,0],"30":[0,0]},"_coverageSchema":"1a1c01bbd47fc00a2c39e90264f33305004495a9","hash":"f18c3ad0e037e4f37ba4af38693d93c098e28db0"}
,"/home/nahisaho/GitHub/oneroster-gradebook-reference/implementations/nodejs/src/middleware/auth.js": {"path":"/home/nahisaho/GitHub/oneroster-gradebook-reference/implementations/nodejs/src/middleware/auth.js","statementMap":{"0":{"start":{"line":1,"column":21},"end":{"line":1,"column":45}},"1":{"start":{"line":2,"column":18},"end":{"line":2,"column":44}},"2":{"start":{"line":3,"column":15},"end":{"line":3,"column":41}},"3":{"start":{"line":5,"column":16},"end":{"line":5,"column":36}},"4":{"start":{"line":6,"column":17},"end":{"line":6,"column":38}},"5":{"start":{"line":11,"column":14},"end":{"line":20,"column":2}},"6":{"start":{"line":27,"column":14},"end":{"line":63,"column":1}},"7":{"start":{"line":28,"column":18},"end":{"line":28,"column":34}},"8":{"start":{"line":29,"column":19},"end":{"line":29,"column":36}},"9":{"start":{"line":31,"column":2},"end":{"line":62,"column":3}},"10":{"start":{"line":32,"column":4},"end":{"line":35,"column":7}},"11":{"start":{"line":37,"column":18},"end":{"line":37,"column":54}},"12":{"start":{"line":39,"column":4},"end":{"line":43,"column":7}},"13":{"start":{"line":45,"column":4},"end":{"line":50,"column":7}},"14":{"start":{"line":52,"column":4},"end":{"line":55,"column":7}},"15":{"start":{"line":58,"column":4},"end":{"line":61,"column":7}},"16":{"start":{"line":71,"column":21},"end":{"line":117,"column":1}},"17":{"start":{"line":72,"column":2},"end":{"line":116,"column":4}},"18":{"start":{"line":73,"column":20},"end":{"line":73,"column":36}},"19":{"start":{"line":74,"column":21},"end":{"line":74,"column":38}},"20":{"start":{"line":76,"column":4},"end":{"line":115,"column":5}},"21":{"start":{"line":77,"column":20},"end":{"line":77,"column":72}},"22":{"start":{"line":80,"column":6},"end":{"line":85,"column":8}},"23":{"start":{"line":87,"column":6},"end":{"line":90,"column":9}},"24":{"start":{"line":92,"column":6},"end":{"line":92,"column":13}},"25":{"start":{"line":94,"column":6},"end":{"line":98,"column":9}},"26":{"start":{"line":101,"column":25},"end":{"line":101,"column":42}},"27":{"start":{"line":102,"column":29},"end":{"line":102,"column":71}},"28":{"start":{"line":103,"column":28},"end":{"line":103,"column":35}},"29":{"start":{"line":104,"column":31},"end":{"line":104,"column":71}},"30":{"start":{"line":105,"column":29},"end":{"line":107,"column":61}},"31":{"start":{"line":109,"column":6},"end":{"line":114,"column":9}},"32":{"start":{"line":123,"column":21},"end":{"line":166,"column":1}},"33":{"start":{"line":124,"column":2},"end":{"line":165,"column":4}},"34":{"start":{"line":125,"column":4},"end":{"line":164,"column":5}},"35":{"start":{"line":126,"column":6},"end":{"line":134,"column":7}},"36":{"start":{"line":127,"column":8},"end":{"line":127,"column":55}},"37":{"start":{"line":128,"column":8},"end":{"line":133,"column":11}},"38":{"start":{"line":136,"column":26},"end":{"line":138,"column":36}},"39":{"start":{"line":140,"column":29},"end":{"line":142,"column":17}},"40":{"start":{"line":144,"column":23},"end":{"line":144,"column":72}},"41":{"start":{"line":144,"column":48},"end":{"line":144,"column":71}},"42":{"start":{"line":146,"column":6},"end":{"line":158,"column":7}},"43":{"start":{"line":147,"column":8},"end":{"line":150,"column":11}},"44":{"start":{"line":152,"column":8},"end":{"line":157,"column":11}},"45":{"start":{"line":160,"column":6},"end":{"line":160,"column":13}},"46":{"start":{"line":162,"column":6},"end":{"line":162,"column":62}},"47":{"start":{"line":163,"column":6},"end":{"line":163,"column":18}},"48":{"start":{"line":171,"column":15},"end":{"line":182,"column":1}},"49":{"start":{"line":184,"column":0},"end":{"line":190,"column":2}}},"fnMap":{"0":{"name":"(anonymous_0)","decl":{"start":{"line":27,"column":14},"end":{"line":27,"column":15}},"loc":{"start":{"line":27,"column":40},"end":{"line":63,"column":1}},"line":27},"1":{"name":"(anonymous_1)","decl":{"start":{"line":71,"column":21},"end":{"line":71,"column":22}},"loc":{"start":{"line":71,"column":39},"end":{"line":117,"column":1}},"line":71},"2":{"name":"(anonymous_2)","decl":{"start":{"line":72,"column":9},"end":{"line":72,"column":10}},"loc":{"start":{"line":72,"column":35},"end":{"line":116,"column":3}},"line":72},"3":{"name":"(anonymous_3)","decl":{"start":{"line":123,"column":21},"end":{"line":123,"column":22}},"loc":{"start":{"line":123,"column":32},"end":{"line":166,"column":1}},"line":123},"4":{"name":"(anonymous_4)","decl":{"start":{"line":124,"column":9},"end":{"line":124,"column":10}},"loc":{"start":{"line":124,"column":35},"end":{"line":165,"column":3}},"line":124},"5":{"name":"(anonymous_5)","decl":{"start":{"line":144,"column":43},"end":{"line":144,"column":44}},"loc":{"start":{"line":144,"column":48},"end":{"line":144,"column":71}},"line":144}},"branchMap":{"0":{"loc":{"start":{"line":13,"column":32},"end":{"line":13,"column":74}},"type":"binary-expr","locations":[{"start":{"line":13,"column":32},"end":{"line":13,"column":64}},{"start":{"line":13,"column":68},"end":{"line":13,"column":74}}],"line":13},"1":{"loc":{"start":{"line":58,"column":15},"end":{"line":58,"column":32}},"type":"binary-expr","locations":[{"start":{"line":58,"column":15},"end":{"line":58,"column":25}},{"start":{"line":58,"column":29},"end":{"line":58,"column":32}}],"line":58},"2":{"loc":{"start":{"line":59,"column":13},"end":{"line":59,"column":41}},"type":"binary-expr","locations":[{"start":{"line":59,"column":13},"end":{"line":59,"column":23}},{"start":{"line":59,"column":27},"end":{"line":59,"column":41}}],"line":59},"3":{"loc":{"start":{"line":60,"column":25},"end":{"line":60,"column":61}},"type":"binary-expr","locations":[{"start":{"line":60,"column":25},"end":{"line":60,"column":38}},{"start":{"line":60,"column":42},"end":{"line":60,"column":61}}],"line":60},"4":{"loc":{"start":{"line":71,"column":22},"end":{"line":71,"column":34}},"type":"default-arg","locations":[{"start":{"line":71,"column":32},"end":{"line":71,"column":34}}],"line":71},"5":{"loc":{"start":{"line":101,"column":25},"end":{"line":101,"column":42}},"type":"binary-expr","locations":[{"start":{"line":101,"column":25},"end":{"line":101,"column":35}},{"start":{"line":101,"column":39},"end":{"line":101,"column":42}}],"line":101},"6":{"loc":{"start":{"line":102,"column":29},"end":{"line":102,"column":71}},"type":"cond-expr","locations":[{"start":{"line":102,"column":50},"end":{"line":102,"column":59}},{"start":{"line":102,"column":62},"end":{"line":102,"column":71}}],"line":102},"7":{"loc":{"start":{"line":104,"column":31},"end":{"line":104,"column":71}},"type":"binary-expr","locations":[{"start":{"line":104,"column":31},"end":{"line":104,"column":44}},{"start":{"line":104,"column":48},"end":{"line":104,"column":71}}],"line":104},"8":{"loc":{"start":{"line":105,"column":29},"end":{"line":107,"column":61}},"type":"cond-expr","locations":[{"start":{"line":106,"column":10},"end":{"line":106,"column":24}},{"start":{"line":107,"column":11},"end":{"line":107,"column":60}}],"line":105},"9":{"loc":{"start":{"line":107,"column":11},"end":{"line":107,"column":60}},"type":"cond-expr","locations":[{"start":{"line":107,"column":32},"end":{"line":107,"column":43}},{"start":{"line":107,"column":46},"end":{"line":107,"column":60}}],"line":107},"10":{"loc":{"start":{"line":126,"column":6},"end":{"line":134,"column":7}},"type":"if","locations":[{"start":{"line":126,"column":6},"end":{"line":134,"column":7}},{"start":{},"end":{}}],"line":126},"11":{"loc":{"start":{"line":126,"column":10},"end":{"line":126,"column":40}},"type":"binary-expr","locations":[{"start":{"line":126,"column":10},"end":{"line":126,"column":20}},{"start":{"line":126,"column":24},"end":{"line":126,"column":40}}],"line":126},"12":{"loc":{"start":{"line":136,"column":26},"end":{"line":138,"column":36}},"type":"cond-expr","locations":[{"start":{"line":137,"column":10},"end":{"line":137,"column":25}},{"start":{"line":138,"column":10},"end":{"line":138,"column":36}}],"line":136},"13":{"loc":{"start":{"line":140,"column":29},"end":{"line":142,"column":17}},"type":"cond-expr","locations":[{"start":{"line":141,"column":10},"end":{"line":141,"column":15}},{"start":{"line":142,"column":10},"end":{"line":142,"column":17}}],"line":140},"14":{"loc":{"start":{"line":146,"column":6},"end":{"line":158,"column":7}},"type":"if","locations":[{"start":{"line":146,"column":6},"end":{"line":158,"column":7}},{"start":{},"end":{}}],"line":146}},"s":{"0":2,"1":2,"2":2,"3":2,"4":2,"5":2,"6":2,"7":0,"8":0,"9":0,"10":0,"11":0,"12":0,"13":0,"14":0,"15":0,"16":2,"17":34,"18":0,"19":0,"20":0,"21":0,"22":0,"23":0,"24":0,"25":0,"26":0,"27":0,"28":0,"29":0,"30":0,"31":0,"32":2,"33":34,"34":0,"35":0,"36":0,"37":0,"38":0,"39":0,"40":0,"41":0,"42":0,"43":0,"44":0,"45":0,"46":0,"47":0,"48":2,"49":2},"f":{"0":0,"1":34,"2":0,"3":34,"4":0,"5":0},"b":{"0":[2,0],"1":[0,0],"2":[0,0],"3":[0,0],"4":[34],"5":[0,0],"6":[0,0],"7":[0,0],"8":[0,0],"9":[0,0],"10":[0,0],"11":[0,0],"12":[0,0],"13":[0,0],"14":[0,0]},"_coverageSchema":"1a1c01bbd47fc00a2c39e90264f33305004495a9","hash":"63d2726e26483e876bcbce7a193ecfd8c87531d6"}
,"/home/nahisaho/GitHub/oneroster-gradebook-reference/implementations/nodejs/src/middleware/errorHandler.js": {"path":"/home/nahisaho/GitHub/oneroster-gradebook-reference/implementations/nodejs/src/middleware/errorHandler.js","statementMap":{"0":{"start":{"line":1,"column":15},"end":{"line":1,"column":41}},"1":{"start":{"line":10,"column":27},"end":{"line":20,"column":1}},"2":{"start":{"line":11,"column":25},"end":{"line":11,"column":86}},"3":{"start":{"line":12,"column":24},"end":{"line":12,"column":63}},"4":{"start":{"line":14,"column":2},"end":{"line":19,"column":5}},"5":{"start":{"line":26,"column":17},"end":{"line":35,"column":1}},"6":{"start":{"line":27,"column":2},"end":{"line":27,"column":58}},"7":{"start":{"line":29,"column":2},"end":{"line":34,"column":4}},"8":{"start":{"line":41,"column":21},"end":{"line":101,"column":1}},"9":{"start":{"line":43,"column":2},"end":{"line":48,"column":5}},"10":{"start":{"line":51,"column":19},"end":{"line":51,"column":54}},"11":{"start":{"line":52,"column":20},"end":{"line":52,"column":58}},"12":{"start":{"line":53,"column":18},"end":{"line":53,"column":32}},"13":{"start":{"line":56,"column":2},"end":{"line":93,"column":3}},"14":{"start":{"line":57,"column":4},"end":{"line":57,"column":21}},"15":{"start":{"line":58,"column":4},"end":{"line":58,"column":31}},"16":{"start":{"line":61,"column":4},"end":{"line":64,"column":5}},"17":{"start":{"line":62,"column":23},"end":{"line":62,"column":68}},"18":{"start":{"line":62,"column":58},"end":{"line":62,"column":67}},"19":{"start":{"line":63,"column":6},"end":{"line":63,"column":63}},"20":{"start":{"line":65,"column":9},"end":{"line":93,"column":3}},"21":{"start":{"line":66,"column":4},"end":{"line":66,"column":21}},"22":{"start":{"line":67,"column":4},"end":{"line":67,"column":31}},"23":{"start":{"line":69,"column":4},"end":{"line":72,"column":5}},"24":{"start":{"line":70,"column":23},"end":{"line":70,"column":69}},"25":{"start":{"line":70,"column":43},"end":{"line":70,"column":68}},"26":{"start":{"line":71,"colum
[...]
neItem.js": {"path":"/home/nahisaho/GitHub/oneroster-gradebook-reference/implementations/nodejs/src/models/lineItem.js","statementMap":{"0":{"start":{"line":1,"column":22},"end":{"line":1,"column":42}},"1":{"start":{"line":3,"column":0},"end":{"line":173,"column":2}},"2":{"start":{"line":4,"column":19},"end":{"line":120,"column":3}},"3":{"start":{"line":85,"column":12},"end":{"line":87,"column":13}},"4":{"start":{"line":86,"column":14},"end":{"line":86,"column":84}},"5":{"start":{"line":108,"column":10},"end":{"line":108,"column":49}},"6":{"start":{"line":112,"column":10},"end":{"line":116,"column":11}},"7":{"start":{"line":113,"column":12},"end":{"line":115,"column":13}},"8":{"start":{"line":114,"column":14},"end":{"line":114,"column":66}},"9":{"start":{"line":123,"column":2},"end":{"line":158,"column":4}},"10":{"start":{"line":124,"column":19},"end":{"line":124,"column":36}},"11":{"start":{"line":127,"column":4},"end":{"line":157,"column":6}},"12":{"start":{"line":161,"column":2},"end":{"line":170,"column":4}},"13":{"start":{"line":162,"column":4},"end":{"line":165,"column":7}},"14":{"start":{"line":166,"column":4},"end":{"line":169,"column":7}},"15":{"start":{"line":172,"column":2},"end":{"line":172,"column":18}}},"fnMap":{"0":{"name":"(anonymous_0)","decl":{"start":{"line":3,"column":17},"end":{"line":3,"column":18}},"loc":{"start":{"line":3,"column":32},"end":{"line":173,"column":1}},"line":3},"1":{"name":"(anonymous_1)","decl":{"start":{"line":84,"column":10},"end":{"line":84,"column":11}},"loc":{"start":{"line":84,"column":34},"end":{"line":88,"column":11}},"line":84},"2":{"name":"(anonymous_2)","decl":{"start":{"line":107,"column":22},"end":{"line":107,"column":23}},"loc":{"start":{"line":107,"column":36},"end":{"line":109,"column":9}},"line":107},"3":{"name":"(anonymous_3)","decl":{"start":{"line":110,"column":24},"end":{"line":110,"column":25}},"loc":{"start":{"line":110,"column":38},"end":{"line":117,"column":9}},"line":110},"4":{"name":"(anonymous_4)","decl":{"start":{"line":123,"column":30},"end":{"line":123,"column":31}},"loc":{"start":{"line":123,"column":42},"end":{"line":158,"column":3}},"line":123},"5":{"name":"(anonymous_5)","decl":{"start":{"line":161,"column":23},"end":{"line":161,"column":24}},"loc":{"start":{"line":161,"column":35},"end":{"line":170,"column":3}},"line":161}},"branchMap":{"0":{"loc":{"start":{"line":85,"column":12},"end":{"line":87,"column":13}},"type":"if","locations":[{"start":{"line":85,"column":12},"end":{"line":87,"column":13}},{"start":{},"end":{}}],"line":85},"1":{"loc":{"start":{"line":112,"column":10},"end":{"line":116,"column":11}},"type":"if","locations":[{"start":{"line":112,"column":10},"end":{"line":116,"column":11}},{"start":{},"end":{}}],"line":112},"2":{"loc":{"start":{"line":112,"column":14},"end":{"line":112,"column":53}},"type":"binary-expr","locations":[{"start":{"line":112,"column":14},"end":{"line":112,"column":33}},{"start":{"line":112,"column":37},"end":{"line":112,"column":53}}],"line":112},"3":{"loc":{"start":{"line":113,"column":12},"end":{"line":115,"column":13}},"type":"if","locations":[{"start":{"line":113,"column":12},"end":{"line":115,"column":13}},{"start":{},"end":{}}],"line":113},"4":{"loc":{"start":{"line":132,"column":10},"end":{"line":132,"column":67}},"type":"binary-expr","locations":[{"start":{"line":132,"column":10},"end":{"line":132,"column":28}},{"start":{"line":132,"column":32},"end":{"line":132,"column":67}}],"line":132},"5":{"loc":{"start":{"line":133,"column":10},"end":{"line":133,"column":92}},"type":"binary-expr","locations":[{"start":{"line":133,"column":10},"end":{"line":133,"column":27}},{"start":{"line":133,"column":31},"end":{"line":133,"column":92}}],"line":133},"6":{"loc":{"start":{"line":134,"column":10},"end":{"line":134,"column":83}},"type":"binary-expr","locations":[{"start":{"line":134,"column":10},"end":{"line":134,"column":24}},{"start":{"line":134,"column":28},"end":{"line":134,"column":83}}],"line":134},"7":{"loc":{"start":{"line":140,"column":10},"end":{"line":146,"column":7}},"type":"binary-expr","locations":[{"start":{"line":140,"column":10},"end":{"line":140,"column":34}},{"start":{"line":140,"column":38},"end":{"line":146,"column":7}}],"line":140},"8":{"loc":{"start":{"line":147,"column":10},"end":{"line":153,"column":7}},"type":"binary-expr","locations":[{"start":{"line":147,"column":10},"end":{"line":147,"column":39}},{"start":{"line":147,"column":43},"end":{"line":153,"column":7}}],"line":147},"9":{"loc":{"start":{"line":156,"column":10},"end":{"line":156,"column":58}},"type":"binary-expr","locations":[{"start":{"line":156,"column":10},"end":{"line":156,"column":25}},{"start":{"line":156,"column":29},"end":{"line":156,"column":58}}],"line":156}},"s":{"0":5,"1":5,"2":5,"3":5,"4":1,"5":0,"6":5,"7":0,"8":0,"9":5,"10":2,"11":2,"12":5,"13":5,"14":5,"15":5},"f":{"0":5,"1":5,"2":0,"3":5,"4":2,"5":5},"b":{"0":[1,4],"1":[0,5],"2":[5,0],"3":[0,0],"4":[2,1],"5":[2,1],"6":[2,1],"7":[2,1],"8":[2,1],"9":[2,1]},"_coverageSchema":"1a1c01bbd47fc00a2c39e90264f33305004495a9","hash":"6ac044834add8be751264c91baeae03a3692e77e"}
,"/home/nahisaho/GitHub/oneroster-gradebook-reference/implementations/nodejs/src/models/result.js": {"path":"/home/nahisaho/GitHub/oneroster-gradebook-reference/implementations/nodejs/src/models/result.js","statementMap":{"0":{"start":{"line":1,"column":22},"end":{"line":1,"column":42}},"1":{"start":{"line":3,"column":0},"end":{"line":178,"column":2}},"2":{"start":{"line":4,"column":17},"end":{"line":140,"column":3}},"3":{"start":{"line":60,"column":33},"end":{"line":60,"column":69}},"4":{"start":{"line":61,"column":12},"end":{"line":63,"column":13}},"5":{"start":{"line":62,"column":14},"end":{"line":62,"column":93}},"6":{"start":{"line":65,"column":28},"end":{"line":65,"column":55}},"7":{"start":{"line":66,"column":12},"end":{"line":68,"column":13}},"8":{"start":{"line":67,"column":14},"end":{"line":67,"column":94}},"9":{"start":{"line":117,"column":10},"end":{"line":117,"column":47}},"10":{"start":{"line":121,"column":10},"end":{"line":136,"column":11}},"11":{"start":{"line":122,"column":29},"end":{"line":122,"column":54}},"12":{"start":{"line":123,"column":29},"end":{"line":123,"column":78}},"13":{"start":{"line":125,"column":12},"end":{"line":135,"column":13}},"14":{"start":{"line":126,"column":28},"end":{"line":126,"column":52}},"15":{"start":{"line":127,"column":26},"end":{"line":127,"column":61}},"16":{"start":{"line":128,"column":26},"end":{"line":128,"column":61}},"17":{"start":{"line":130,"column":14},"end":{"line":134,"column":15}},"18":{"start":{"line":131,"column":16},"end":{"line":133,"column":18}},"19":{"start":{"line":143,"column":2},"end":{"line":167,"column":4}},"20":{"start":{"line":144,"column":19},"end":{"line":144,"column":36}},"21":{"start":{"line":147,"column":4},"end":{"line":166,"column":6}},"22":{"start":{"line":170,"column":2},"end":{"line":175,"column":4}},"23":{"start":{"line":171,"column":4},"end":{"line":174,"column":7}},"24":{"start":{"line":177,"column":2},"end":{"line":177,"column":16}}},"fnMap":{"0":{"name":"(anonymous_0)","decl":{"start":{"line":3,"column":17},"end":{"line":3,"column":18}},"loc":{"start":{"line":3,"column":32},"end":{"line":178,"column":1}},"line":3},"1":{"name":"(anonymous_1)","decl":{"start":{"line":58,"column":10},"end":{"line":58,"column":11}},"loc":{"start":{"line":58,"column":25},"end":{"line":69,"column":11}},"line":58},"2":{"name":"(anonymous_2)","decl":{"start":{"line":116,"column":22},"end":{"line":116,"column":23}},"loc":{"start":{"line":116,"column":34},"end":{"line":118,"column":9}},"line":116},"3":{"name":"(anonymous_3)","decl":{"start":{"line":119,"column":24},"end":{"line":119,"column":25}},"loc":{"start":{"line":119,"column":51},"end":{"line":137,"column":9}},"line":119},"4":{"name":"(anonymous_4)","decl":{"start":{"line":143,"column":28},"end":{"line":143,"column":29}},"loc":{"start":{"line":143,"column":40},"end":{"line":167,"column":3}},"line":143},"5":{"name":"(anonymous_5)","decl":{"start":{"line":170,"column":21},"end":{"line":170,"column":22}},"loc":{"start":{"line":170,"column":33},"end":{"line":175,"column":3}},"line":170}},"branchMap":{"0":{"loc":{"start":{"line":61,"column":12},"end":{"line":63,"column":13}},"type":"if","locations":[{"start":{"line":61,"column":12},"end":{"line":63,"column":13}},{"start":{},"end":{}}],"line":61},"1":{"loc":{"start":{"line":61,"column":16},"end":{"line":61,"column":78}},"type":"binary-expr","locations":[{"start":{"line":61,"column":16},"end":{"line":61,"column":55}},{"start":{"line":61,"column":59},"end":{"line":61,"column":78}}],"line":61},"2":{"loc":{"start":{"line":66,"column":12},"end":{"line":68,"column":13}},"type":"if","locations":[{"start":{"line":66,"column":12},"end":{"line":68,"column":13}},{"start":{},"end":{}}],"line":66},"3":{"loc":{"start":{"line":66,"column":16},"end":{"line":66,"column":73}},"type":"binary-expr","locations":[{"start":{"line":66,"column":16},"end":{"line":66,"column":50}},{"start":{"line":66,"column":54},"end":{"line":66,"column":73}}],"line":66},"4":{"loc":{"start":{"line":121,"column":10},"end":{"line":136,"column":11}},"type":"if","locations":[{"start":{"line":121,"column":10},"end":{"line":136,"column":11}},{"start":{},"end":{}}],"line":121},"5":{"loc":{"start":{"line":125,"column":12},"end":{"line":135,"column":13}},"type":"if","locations":[{"start":{"line":125,"column":12},"end":{"line":135,"column":13}},{"start":{},"end":{}}],"line":125},"6":{"loc":{"start":{"line":130,"column":14},"end":{"line":134,"column":15}},"type":"if","locations":[{"start":{"line":130,"column":14},"end":{"line":134,"column":15}},{"start":{},"end":{}}],"line":130},"7":{"loc":{"start":{"line":130,"column":18},"end":{"line":130,"column":44}},"type":"binary-expr","locations":[{"start":{"line":130,"column":18},"end":{"line":130,"column":29}},{"start":{"line":130,"column":33},"end":{"line":130,"column":44}}],"line":130},"8":{"loc":{"start":{"line":162,"column":10},"end":{"line":162,"column":70}},"type":"binary-expr","locations":[{"start":{"line":162,"column":10},"end":{"line":162,"column":31}},{"start":{"line":162,"column":35},"end":{"line":162,"column":70}}],"line":162},"9":{"loc":{"start":{"line":163,"column":10},"end":{"line":163,"column":75}},"type":"binary-expr","locations":[{"start":{"line":163,"column":10},"end":{"line":163,"column":26}},{"start":{"line":163,"column":30},"end":{"line":163,"column":75}}],"line":163},"10":{"loc":{"start":{"line":164,"column":10},"end":{"line":164,"column":55}},"type":"binary-expr","locations":[{"start":{"line":164,"column":10},"end":{"line":164,"column":24}},{"start":{"line":164,"column":28},"end":{"line":164,"column":55}}],"line":164},"11":{"loc":{"start":{"line":165,"column":10},"end":{"line":165,"column":58}},"type":"binary-expr","locations":[{"start":{"line":165,"column":10},"end":{"line":165,"column":25}},{"start":{"line":165,"column":29},"end":{"line":165,"column":58}}],"line":165}},"s":{"0":5,"1":5,"2":5,"3":3,"4":3,"5":2,"6":1,"7":1,"8":0,"9":0,"10":10,"11":8,"12":8,"13":1,"14":0,"15":0,"16":0,"17":0,"18":0,"19":5,"20":3,"21":3,"22":5,"23":5,"24":5},"f":{"0":5,"1":3,"2":0,"3":10,"4":3,"5":5},"b":{"0":[2,1],"1":[3,2],"2":[0,1],"3":[1,0],"4":[8,2],"5":[0,1],"6":[0,0],"7":[0,0],"8":[3,2],"9":[3,1],"10":[3,1],"11":[3,1]},"_coverageSchema":"1a1c01bbd47fc00a2c39e90264f33305004495a9","hash":"9098adae8adaed6736cac8bd80d1c3cbca320efd"}
,"/home/nahisaho/GitHub/oneroster-gradebook-reference/implementations/nodejs/src/routes/categories.js": {"path":"/home/nahisaho/GitHub/oneroster-gradebook-reference/implementations/nodejs/src/routes/categories.js","statementMap":{"0":{"start":{"line":1,"column":16},"end":{"line":1,"column":34}},"1":{"start":{"line":2,"column":17},"end":{"line":2,"column":45}},"2":{"start":{"line":3,"column":27},"end":{"line":3,"column":71}},"3":{"start":{"line":4,"column":47},"end":{"line":4,"column":76}},"4":{"start":{"line":5,"column":55},"end":{"line":5,"column":90}},"5":{"start":{"line":6,"column":25},"end":{"line":6,"column":62}},"6":{"start":{"line":8,"column":15},"end":{"line":8,"column":31}},"7":{"start":{"line":13,"column":24},"end":{"line":13,"column":58}},"8":{"start":{"line":18,"column":27},"end":{"line":34,"column":1}},"9":{"start":{"line":41,"column":0},"end":{"line":47,"column":2}},"10":{"start":{"line":54,"column":0},"end":{"line":60,"column":2}},"11":{"start":{"line":67,"column":0},"end":{"line":74,"column":2}},"12":{"start":{"line":81,"column":0},"end":{"line":86,"column":2}},"13":{"start":{"line":93,"column":0},"end":{"line":99,"column":2}},"14":{"start":{"line":101,"column":0},"end":{"line":101,"column":24}}},"fnMap":{},"branchMap":{},"s":{"0":2,"1":2,"2":2,"3":2,"4":2,"5":2,"6":2,"7":2,"8":2,"9":2,"10":2,"11":2,"12":2,"13":2,"14":2},"f":{},"b":{},"_coverageSchema":"1a1c01bbd47fc00a2c39e90264f33305004495a9","hash":"fab152e92f1a1bfa2fc71e4b8d85b39e42dcee35"}
,"/home/nahisaho/GitHub/oneroster-gradebook-reference/implementations/nodejs/src/routes/lineItems.js": {"path":"/home/nahisaho/GitHub/oneroster-gradebook-reference/implementations/nodejs/src/routes/lineItems.js","statementMap":{"0":{"start":{"line":1,"column":16},"end":{"line":1,"column":34}},"1":{"start":{"line":2,"column":17},"end":{"line":2,"column":45}},"2":{"start":{"line":3,"column":27},"end":{"line":3,"column":71}},"3":{"start":{"line":4,"column":47},"end":{"line":4,"column":76}},"4":{"start":{"line":5,"column":55},"end":{"line":5,"column":90}},"5":{"start":{"line":6,"column":25},"end":{"line":6,"column":62}},"6":{"start":{"line":8,"column":15},"end":{"line":8,"column":31}},"7":{"start":{"line":13,"column":24},"end":{"line":13,"column":58}},"8":{"start":{"line":18,"column":33},"end":{"line":67,"column":1}},"9":{"start":{"line":72,"column":33},"end":{"line":112,"column":1}},"10":{"start":{"line":119,"column":0},"end":{"line":125,"column":2}},"11":{"start":{"line":132,"column":0},"end":{"line":138,"column":2}},"12":{"start":{"line":145,"column":0},"end":{"line":152,"column":2}},"13":{"start":{"line":159,"column":0},"end":{"line":166,"column":2}},"14":{"start":{"line":173,"column":0},"end":{"line":178,"column":2}},"15":{"start":{"line":185,"column":0},"end":{"line":191,"column":2}},"16":{"start":{"line":193,"column":0},"end":{"line":193,"column":24}}},"fnMap":{},"branchMap":{},"s":{"0":2,"1":2,"2":2,"3":2,"4":2,"5":2,"6":2,"7":2,"8":2,"9":2,"10":2,"11":2,"12":2,"13":2,"14":2,"15":2,"16":2},"f":{},"b":{},"_coverageSchema":"1a1c01bbd47fc00a2c39e90264f33305004495a9","hash":"944536f5cec2a6179e93e0b53618f1090fb69bb7"}
,"/home/nahisaho/GitHub/oneroster-gradebook-reference/implementations/nodejs/src/routes/results.js": {"path":"/home/nahisaho/GitHub/oneroster-gradebook-reference/implementations/nodejs/src/routes/results.js","statementMap":{"0":{"start":{"line":1,"column":16},"end":{"line":1,"column":34}},"1":{"start":{"line":2,"column":17},"end":{"line":2,"column":45}},"2":{"start":{"line":3,"column":25},"end":{"line":3,"column":67}},"3":{"start":{"line":4,"column":47},"end":{"line":4,"column":76}},"4":{"start":{"line":5,"column":55},"end":{"line":5,"column":90}},"5":{"start":{"line":6,"column":25},"end":{"line":6,"column":62}},"6":{"start":{"line":8,"column":15},"end":{"line":8,"column":31}},"7":{"start":{"line":13,"column":24},"end":{"line":13,"column":58}},"8":{"start":{"line":18,"column":31},"end":{"line":55,"column":1}},"9":{"start":{"line":60,"column":31},"end":{"line":81,"column":1}},"10":{"start":{"line":88,"column":0},"end":{"line":94,"column":2}},"11":{"start":{"line":101,"column":0},"end":{"line":107,"column":2}},"12":{"start":{"line":114,"column":0},"end":{"line":121,"column":2}},"13":{"start":{"line":128,"column":0},"end":{"line":135,"column":2}},"14":{"start":{"line":142,"column":0},"end":{"line":147,"column":2}},"15":{"start":{"line":149,"column":0},"end":{"line":149,"column":24}}},"fnMap":{},"branchMap":{},"s":{"0":2,"1":2,"2":2,"3":2,"4":2,"5":2,"6":2,"7":2,"8":2,"9":2,"10":2,"11":2,"12":2,"13":2,"14":2,"15":2},"f":{},"b":{},"_coverageSchema":"1a1c01bbd47fc00a2c39e90264f33305004495a9","hash":"ea9715db56e63058140ec12e5bf561529d98e4c2"}
,"/home/nahisaho/GitHub/oneroster-gradebook-reference/implementations/nodejs/src/routes/students.js": {"path":"/home/nahisaho/GitHub/oneroster-gradebook-reference/implementations/nodejs/src/routes/students.js","statementMap":{"0":{"start":{"line":1,"column":16},"end":{"line":1,"column":34}},"1":{"start":{"line":2,"column":25},"end":{"line":2,"column":67}},"2":{"start":{"line":3,"column":47},"end":{"line":3,"column":76}},"3":{"start":{"line":4,"column":45},"end":{"line":4,"column":80}},"4":{"start":{"line":5,"column":25},"end":{"line":5,"column":62}},"5":{"start":{"line":7,"column":15},"end":{"line":7,"column":31}},"6":{"start":{"line":12,"column":24},"end":{"line":12,"column":58}},"7":{"start":{"line":19,"column":0},"end":{"line":25,"column":2}},"8":{"start":{"line":27,"column":0},"end":{"line":27,"column":24}}},"fnMap":{},"branchMap":{},"s":{"0":2,"1":2,"2":2,"3":2,"4":2,"5":2,"6":2,"7":2,"8":2},"f":{},"b":{},"_coverageSchema":"1a1c01bbd47fc00a2c39e90264f33305004495a9","hash":"56e91bf7ca94d7e5740a185ee393eeecf0da4d42"}
,"/home/nahisaho/GitHub/oneroster-gradebook-reference/implementations/nodejs/src/utils/logger.js": {"path":"/home/nahisaho/GitHub/oneroster-gradebook-reference/implementations/nodejs/src/utils/logger.js","statementMap":{"0":{"start":{"line":1,"column":16},"end":{"line":1,"column":34}},"1":{"start":{"line":2,"column":13},"end":{"line":2,"column":28}},"2":{"start":{"line":5,"column":15},"end":{"line":11,"column":1}},"3":{"start":{"line":14,"column":15},"end":{"line":20,"column":1}},"4":{"start":{"line":22,"column":0},"end":{"line":22,"column":26}},"5":{"start":{"line":25,"column":15},"end":{"line":30,"column":1}},"6":{"start":{"line":33,"column":22},"end":{"line":39,"column":1}},"7":{"start":{"line":37,"column":14},"end":{"line":37,"column":66}},"8":{"start":{"line":42,"column":19},"end":{"line":42,"column":21}},"9":{"start":{"line":45,"column":0},"end":{"line":57,"column":1}},"10":{"start":{"line":46,"column":2},"end":{"line":50,"column":4}},"11":{"start":{"line":52,"column":2},"end":{"line":56,"column":4}},"12":{"start":{"line":60,"column":0},"end":{"line":67,"column":1}},"13":{"start":{"line":61,"column":2},"end":{"line":66,"column":4}},"14":{"start":{"line":70,"column":0},"end":{"line":76,"column":2}},"15":{"start":{"line":79,"column":15},"end":{"line":85,"column":2}},"16":{"start":{"line":88,"column":0},"end":{"line":92,"column":2}},"17":{"start":{"line":90,"column":4},"end":{"line":90,"column":32}},"18":{"start":{"line":94,"column":0},"end":{"line":94,"column":24}}},"fnMap":{"0":{"name":"(anonymous_0)","decl":{"start":{"line":37,"column":4},"end":{"line":37,"column":5}},"loc":{"start":{"line":37,"column":14},"end":{"line":37,"column":66}},"line":37},"1":{"name":"(anonymous_1)","decl":{"start":{"line":89,"column":9},"end":{"line":89,"column":10}},"loc":{"start":{"line":89,"column":22},"end":{"line":91,"column":3}},"line":89}},"branchMap":{"0":{"loc":{"start":{"line":45,"column":0},"end":{"line":57,"column":1}},"type":"if","locations":[{"start":{"line":45,"column":0},"end":{"line":57,"column":1}},{"start":{"line":51,"column":7},"end":{"line":57,"column":1}}],"line":45},"1":{"loc":{"start":{"line":60,"column":0},"end":{"line":67,"column":1}},"type":"if","locations":[{"start":{"line":60,"column":0},"end":{"line":67,"column":1}},{"start":{},"end":{}}],"line":60},"2":{"loc":{"start":{"line":80,"column":9},"end":{"line":80,"column":40}},"type":"binary-expr","locations":[{"start":{"line":80,"column":9},"end":{"line":80,"column":30}},{"start":{"line":80,"column":34},"end":{"line":80,"column":40}}],"line":80}},"s":{"0":6,"1":6,"2":6,"3":6,"4":6,"5":6,"6":6,"7":0,"8":6,"9":6,"10":6,"11":0,"12":6,"13":0,"14":6,"15":6,"16":6,"17":2,"18":6},"f":{"0":0,"1":2},"b":{"0":[6,0],"1":[0,6],"2":[6,0]},"_coverageSchema":"1a1c01bbd47fc00a2c39e90264f33305004495a9","hash":"1449e9e1d4b05475ae956c4df28218c9d2ff749d"}
}
