TN:
SF:src/config/database.js
FN:41,(anonymous_0)
FNF:1
FNH:0
FNDA:0,(anonymous_0)
DA:1,5
DA:2,5
DA:5,5
DA:26,5
DA:41,5
DA:42,0
DA:43,0
DA:44,0
DA:45,0
DA:47,0
DA:48,0
DA:52,5
LF:12
LH:6
BRDA:6,0,0,5
BRDA:6,0,1,0
BRDA:7,1,0,5
BRDA:7,1,1,0
BRDA:8,2,0,5
BRDA:8,2,1,0
BRDA:9,3,0,5
BRDA:9,3,1,0
BRDA:10,4,0,5
BRDA:10,4,1,0
BRDA:11,5,0,5
BRDA:11,5,1,0
BRDA:12,6,0,0
BRDA:12,6,1,5
BRDA:14,7,0,5
BRDA:14,7,1,0
BRDA:15,8,0,5
BRDA:15,8,1,5
BRDA:16,9,0,5
BRDA:16,9,1,0
BRDA:17,10,0,5
BRDA:17,10,1,0
BRF:22
BRH:12
end_of_record
TN:
SF:src/config/oauth.js
FN:17,loadClients
FN:21,(anonymous_1)
FN:50,(anonymous_2)
FN:83,(anonymous_3)
FN:105,(anonymous_4)
FN:136,(anonymous_5)
FN:166,(anonymous_6)
FN:181,(anonymous_7)
FN:198,(anonymous_8)
FN:214,(anonymous_9)
FN:227,addClient
FN:244,removeClient
FN:257,revokeToken
FN:268,cleanupExpiredTokens
FNF:14
FNH:2
FNDA:2,loadClients
FNDA:6,(anonymous_1)
FNDA:0,(anonymous_2)
FNDA:0,(anonymous_3)
FNDA:0,(anonymous_4)
FNDA:0,(anonymous_5)
FNDA:0,(anonymous_6)
FNDA:0,(anonymous_7)
FNDA:0,(anonymous_8)
FNDA:0,(anonymous_9)
FNDA:0,addClient
FNDA:0,removeClient
FNDA:0,revokeToken
FNDA:0,cleanupExpiredTokens
DA:1,2
DA:2,2
DA:10,2
DA:11,2
DA:18,2
DA:19,2
DA:20,2
DA:21,6
DA:24,2
DA:25,2
DA:31,2
DA:33,0
DA:38,2
DA:43,2
DA:51,0
DA:52,0
DA:54,0
DA:55,0
DA:56,0
DA:60,0
DA:61,0
DA:62,0
DA:65,0
DA:66,0
DA:74,0
DA:75,0
DA:84,0
DA:87,0
DA:88,0
DA:93,0
DA:94,0
DA:106,0
DA:107,0
DA:121,0
DA:122,0
DA:124,0
DA:126,0
DA:127,0
DA:137,0
DA:138,0
DA:140,0
DA:141,0
DA:142,0
DA:146,0
DA:147,0
DA:148,0
DA:149,0
DA:152,0
DA:153,0
DA:155,0
DA:156,0
DA:167,0
DA:168,0
DA:169,0
DA:170,0
DA:173,0
DA:177,0
DA:181,0
DA:183,0
DA:184,0
DA:187,0
DA:189,0
DA:190,0
DA:199,0
DA:201,0
DA:202,0
DA:203,0
DA:205,0
DA:206,0
DA:215,0
DA:216,0
DA:228,0
DA:234,0
DA:235,0
DA:236,0
DA:245,0
DA:246,0
DA:247,0
DA:249,0
DA:258,0
DA:259,0
DA:260,0
DA:262,0
DA:269,0
DA:270,0
DA:272,0
DA:273,0
DA:274,0
DA:275,0
DA:279,0
DA:280,0
DA:285,2
DA:286,0
DA:289,2
LF:94
LH:15
BRDA:20,0,0,2
BRDA:20,0,1,0
BRDA:24,1,0,2
BRDA:24,1,1,0
BRDA:24,2,0,2
BRDA:24,2,1,2
BRDA:54,3,0,0
BRDA:54,3,1,0
BRDA:60,4,0,0
BRDA:60,4,1,0
BRDA:140,5,0,0
BRDA:140,5,1,0
BRDA:146,6,0,0
BRDA:146,6,1,0
BRDA:168,7,0,0
BRDA:168,7,1,0
BRDA:173,8,0,0
BRDA:173,8,1,0
BRDA:177,9,0,0
BRDA:177,9,1,0
BRDA:183,10,0,0
BRDA:183,10,1,0
BRDA:215,11,0,0
BRDA:215,11,1,0
BRDA:227,12,0,0
BRDA:246,13,0,0
BRDA:246,13,1,0
BRDA:259,14,0,0
BRDA:259,14,1,0
BRDA:273,15,0,0
BRDA:273,15,1,0
BRDA:279,16,0,0
BRDA:279,16,1,0
BRDA:285,17,0,0
BRDA:285,17,1,2
BRF:35
BRH:5
end_of_record
TN:
SF:src/controllers/categoryController.js
FN:16,(anonymous_0)
FN:39,(anonymous_1)
FN:81,(anonymous_2)
FN:107,(anonymous_3)
FN:125,(anonymous_4)
FN:151,(anonymous_5)
FN:196,(anonymous_6)
FN:224,(anonymous_7)
FNF:8
FNH:0
FNDA:0,(anonymous_0)
FNDA:0,(anonymous_1)
FNDA:0,(anonymous_2)
FNDA:0,(anonymous_3)
FNDA:0,(anonymous_4)
FNDA:0,(anonymous_5)
FNDA:0,(anonymous_6)
FNDA:0,(anonymous_7)
DA:1,2
DA:2,2
DA:3,2
DA:4,2
DA:16,2
DA:17,0
DA:18,0
DA:19,0
DA:20,0
DA:21,0
DA:23,0
DA:25,0
DA:34,0
DA:35,0
DA:36,0
DA:38,0
DA:39,0
DA:43,0
DA:44,0
DA:53,0
DA:57,0
DA:58,0
DA:61,0
DA:62,0
DA:65,0
DA:66,0
DA:69,0
DA:70,0
DA:72,0
DA:73,0
DA:81,2
DA:82,0
DA:83,0
DA:84,0
DA:86,0
DA:88,0
DA:90,0
DA:91,0
DA:94,0
DA:95,0
DA:97,0
DA:98,0
DA:107,2
DA:108,0
DA:109,0
DA:110,0
DA:112,0
DA:115,0
DA:117,0
DA:118,0
DA:122,0
DA:123,0
DA:125,0
DA:126,0
DA:127,0
DA:132,0
DA:133,0
DA:137,0
DA:139,0
DA:140,0
DA:142,0
DA:143,0
DA:151,2
DA:152,0
DA:153,0
DA:155,0
DA:157,0
DA:159,0
DA:160,0
DA:164,0
DA:168,0
DA:169,0
DA:172,0
DA:174,0
DA:175,0
DA:182,0
DA:184,0
DA:185,0
DA:187,0
DA:188,0
DA:196,2
DA:197,0
DA:198,0
DA:199,0
DA:200,0
DA:201,0
DA:202,0
DA:204,0
DA:207,0
DA:208,0
DA:209,0
DA:213,0
DA:215,0
DA:223,0
DA:224,0
DA:228,0
DA:229,0
DA:236,0
DA:237,0
DA:239,0
DA:240,0
DA:244,2
LF:102
LH:10
BRDA:19,0,0,0
BRDA:19,0,1,0
BRDA:20,1,0,0
BRDA:20,1,1,0
BRDA:21,2,0,0
BRDA:21,2,1,0
BRDA:43,3,0,0
BRDA:43,3,1,0
BRDA:57,4,0,0
BRDA:57,4,1,0
BRDA:61,5,0,0
BRDA:61,5,1,0
BRDA:84,6,0,0
BRDA:84,6,1,0
BRDA:90,7,0,0
BRDA:90,7,1,0
BRDA:117,8,0,0
BRDA:117,8,1,0
BRDA:126,9,0,0
BRDA:126,9,1,0
BRDA:132,10,0,0
BRDA:132,10,1,0
BRDA:159,11,0,0
BRDA:159,11,1,0
BRDA:168,12,0,0
BRDA:168,12,1,0
BRDA:200,13,0,0
BRDA:200,13,1,0
BRDA:201,14,0,0
BRDA:201,14,1,0
BRDA:202,15,0,0
BRDA:202,15,1,0
BRDA:208,16,0,0
BRDA:208,16,1,0
BRDA:228,17,0,0
BRDA:228,17,1,0
BRF:36
BRH:0
end_of_record
TN:
SF:src/controllers/lineItemController.js
FN:16,(anonymous_0)
FN:39,(anonymous_1)
FN:80,(anonymous_2)
FN:110,(anonymous_3)
FN:118,(anonymous_4)
FN:147,(anonymous_5)
FN:169,(anonymous_6)
FN:203,(anonymous_7)
FN:248,(anonymous_8)
FN:276,(anonymous_9)
FNF:10
FNH:0
FNDA:0,(anonymous_0)
FNDA:0,(anonymous_1)
FNDA:0,(anonymous_2)
FNDA:0,(anonymous_3)
FNDA:0,(anonymous_4)
FNDA:0,(anonymous_5)
FNDA:0,(anonymous_6)
FNDA:0,(anonymous_7)
FNDA:0,(anonymous_8)
FNDA:0,(anonymous_9)
DA:1,2
DA:2,2
DA:3,2
DA:4,2
DA:16,2
DA:17,0
DA:18,0
DA:19,0
DA:20,0
DA:21,0
DA:23,0
DA:25,0
DA:37,0
DA:38,0
DA:39,0
DA:43,0
DA:44,0
DA:45,0
DA:47,0
DA:55,0
DA:59,0
DA:60,0
DA:63,0
DA:64,0
DA:68,0
DA:69,0
DA:71,0
DA:72,0
DA:80,2
DA:81,0
DA:82,0
DA:83,0
DA:85,0
DA:87,0
DA:94,0
DA:95,0
DA:98,0
DA:99,0
DA:101,0
DA:102,0
DA:110,2
DA:111,0
DA:112,0
DA:114,0
DA:117,0
DA:118,0
DA:120,0
DA:121,0
DA:125,0
DA:126,0
DA:127,0
DA:128,0
DA:133,0
DA:135,0
DA:136,0
DA:138,0
DA:139,0
DA:147,2
DA:148,0
DA:149,0
DA:150,0
DA:152,0
DA:155,0
DA:157,0
DA:158,0
DA:162,0
DA:167,0
DA:169,0
DA:170,0
DA:171,0
DA:176,0
DA:177,0
DA:181,0
DA:182,0
DA:183,0
DA:184,0
DA:189,0
DA:191,0
DA:192,0
DA:194,0
DA:195,0
DA:203,2
DA:204,0
DA:205,0
DA:207,0
DA:209,0
DA:211,0
DA:212,0
DA:216,0
DA:220,0
DA:221,0
DA:224,0
DA:226,0
DA:227,0
DA:234,0
DA:236,0
DA:237,0
DA:239,0
DA:240,0
DA:248,2
DA:249,0
DA:250,0
DA:251,0
DA:252,0
DA:253,0
DA:254,0
DA:256,0
DA:259,0
DA:260,0
DA:261,0
DA:265,0
DA:267,0
DA:275,0
DA:276,0
DA:280,0
DA:281,0
DA:288,0
DA:289,0
DA:291,0
DA:292,0
DA:296,2
LF:121
LH:11
BRDA:19,0,0,0
BRDA:19,0,1,0
BRDA:20,1,0,0
BRDA:20,1,1,0
BRDA:21,2,0,0
BRDA:21,2,1,0
BRDA:31,3,0,0
BRDA:31,3,1,0
BRDA:43,4,0,0
BRDA:43,4,1,0
BRDA:59,5,0,0
BRDA:59,5,1,0
BRDA:63,6,0,0
BRDA:63,6,1,0
BRDA:83,7,0,0
BRDA:83,7,1,0
BRDA:89,8,0,0
BRDA:89,8,1,0
BRDA:94,9,0,0
BRDA:94,9,1,0
BRDA:120,10,0,0
BRDA:120,10,1,0
BRDA:125,11,0,0
BRDA:125,11,1,0
BRDA:127,12,0,0
BRDA:127,12,1,0
BRDA:157,13,0,0
BRDA:157,13,1,0
BRDA:170,14,0,0
BRDA:170,14,1,0
BRDA:176,15,0,0
BRDA:176,15,1,0
BRDA:181,16,0,0
BRDA:181,16,1,0
BRDA:183,17,0,0
BRDA:183,17,1,0
BRDA:211,18,0,0
BRDA:211,18,1,0
BRDA:220,19,0,0
BRDA:220,19,1,0
BRDA:252,20,0,0
BRDA:252,20,1,0
BRDA:253,21,0,0
BRDA:253,21,1,0
BRDA:254,22,0,0
BRDA:254,22,1,0
BRDA:260,23,0,0
BRDA:260,23,1,0
BRDA:280,24,0,0
BRDA:280,24,1,0
BRF:50
BRH:0
end_of_record
TN:
SF:src/controllers/resultController.js
FN:16,(anonymous_0)
FN:39,(anonymous_1)
FN:80,(anonymous_2)
FN:110,(anonymous_3)
FN:118,(anonymous_4)
FN:157,(anonymous_5)
FN:175,(anonymous_6)
FN:217,(anonymous_7)
FN:244,(anonymous_8)
FN:269,(anonymous_9)
FNF:10
FNH:0
FNDA:0,(anonymous_0)
FNDA:0,(anonymous_1)
FNDA:0,(anonymous_2)
FNDA:0,(anonymous_3)
FNDA:0,(anonymous_4)
FNDA:0,(anonymous_5)
FNDA:0,(anonymous_6)
FNDA:0,(anonymous_7)
FNDA:0,(anonymous_8)
FNDA:0,(anonymous_9)
DA:1,2
DA:2,2
DA:3,2
DA:4,2
DA:16,2
DA:17,0
DA:18,0
DA:19,0
DA:20,0
DA:21,0
DA:23,0
DA:25,0
DA:37,0
DA:38,0
DA:39,0
DA:43,0
DA:44,0
DA:45,0
DA:47,0
DA:55,0
DA:59,0
DA:60,0
DA:63,0
DA:64,0
DA:68,0
DA:69,0
DA:71,0
DA:72,0
DA:80,2
DA:81,0
DA:82,0
DA:83,0
DA:85,0
DA:87,0
DA:94,0
DA:95,0
DA:98,0
DA:99,0
DA:101,0
DA:102,0
DA:110,2
DA:111,0
DA:112,0
DA:114,0
DA:117,0
DA:118,0
DA:120,0
DA:121,0
DA:125,0
DA:126,0
DA:127,0
DA:131,0
DA:132,0
DA:134,0
DA:135,0
DA:138,0
DA:139,0
DA:143,0
DA:145,0
DA:146,0
DA:148,0
DA:149,0
DA:157,2
DA:158,0
DA:159,0
DA:160,0
DA:162,0
DA:165,0
DA:167,0
DA:168,0
DA:172,0
DA:173,0
DA:175,0
DA:176,0
DA:177,0
DA:182,0
DA:183,0
DA:187,0
DA:188,0
DA:189,0
DA:191,0
DA:193,0
DA:194,0
DA:197,0
DA:198,0
DA:203,0
DA:205,0
DA:206,0
DA:208,0
DA:209,0
DA:217,2
DA:218,0
DA:219,0
DA:221,0
DA:223,0
DA:225,0
DA:226,0
DA:230,0
DA:232,0
DA:233,0
DA:235,0
DA:236,0
DA:244,2
DA:245,0
DA:246,0
DA:247,0
DA:248,0
DA:249,0
DA:250,0
DA:252,0
DA:255,0
DA:257,0
DA:268,0
DA:269,0
DA:273,0
DA:274,0
DA:281,0
DA:282,0
DA:284,0
DA:285,0
DA:289,2
LF:121
LH:11
BRDA:19,0,0,0
BRDA:19,0,1,0
BRDA:20,1,0,0
BRDA:20,1,1,0
BRDA:21,2,0,0
BRDA:21,2,1,0
BRDA:31,3,0,0
BRDA:31,3,1,0
BRDA:43,4,0,0
BRDA:43,4,1,0
BRDA:59,5,0,0
BRDA:59,5,1,0
BRDA:63,6,0,0
BRDA:63,6,1,0
BRDA:83,7,0,0
BRDA:83,7,1,0
BRDA:89,8,0,0
BRDA:89,8,1,0
BRDA:94,9,0,0
BRDA:94,9,1,0
BRDA:120,10,0,0
BRDA:120,10,1,0
BRDA:126,11,0,0
BRDA:126,11,1,0
BRDA:134,12,0,0
BRDA:134,12,1,0
BRDA:134,13,0,0
BRDA:134,13,1,0
BRDA:134,13,2,0
BRDA:138,14,0,0
BRDA:138,14,1,0
BRDA:138,15,0,0
BRDA:138,15,1,0
BRDA:138,15,2,0
BRDA:167,16,0,0
BRDA:167,16,1,0
BRDA:176,17,0,0
BRDA:176,17,1,0
BRDA:182,18,0,0
BRDA:182,18,1,0
BRDA:187,19,0,0
BRDA:187,19,1,0
BRDA:191,20,0,0
BRDA:191,20,1,0
BRDA:193,21,0,0
BRDA:193,21,1,0
BRDA:193,22,0,0
BRDA:193,22,1,0
BRDA:193,22,2,0
BRDA:197,23,0,0
BRDA:197,23,1,0
BRDA:197,24,0,0
BRDA:197,24,1,0
BRDA:197,24,2,0
BRDA:225,25,0,0
BRDA:225,25,1,0
BRDA:248,26,0,0
BRDA:248,26,1,0
BRDA:249,27,0,0
BRDA:249,27,1,0
BRDA:250,28,0,0
BRDA:250,28,1,0
BRDA:263,29,0,0
BRDA:263,29,1,0
BRDA:273,30,0,0
BRDA:273,30,1,0
BRF:66
BRH:0
end_of_record
TN:
SF:src/middleware/auth.js
FN:27,(anonymous_0)
FN:71,(anonymous_1)
FN:72,(anonymous_2)
FN:123,(anonymous_3)
FN:124,(anonymous_4)
FN:144,(anonymous_5)
FNF:6
FNH:2
FNDA:0,(anonymous_0)
FNDA:34,(anonymous_1)
FNDA:0,(anonymous_2)
FNDA:34,(anonymous_3)
FNDA:0,(anonymous_4)
FNDA:0,(anonymous_5)
DA:1,2
DA:2,2
DA:3,2
DA:5,2
DA:6,2
DA:11,2
DA:27,2
DA:28,0
DA:29,0
DA:31,0
DA:32,0
DA:37,0
DA:39,0
DA:45,0
DA:52,0
DA:58,0
DA:71,2
DA:72,34
DA:73,0
DA:74,0
DA:76,0
DA:77,0
DA:80,0
DA:87,0
DA:92,0
DA:94,0
DA:101,0
DA:102,0
DA:103,0
DA:104,0
DA:105,0
DA:109,0
DA:123,2
DA:124,34
DA:125,0
DA:126,0
DA:127,0
DA:128,0
DA:136,0
DA:140,0
DA:144,0
DA:146,0
DA:147,0
DA:152,0
DA:160,0
DA:162,0
DA:163,0
DA:171,2
DA:184,2
LF:49
LH:13
BRDA:13,0,0,2
BRDA:13,0,1,0
BRDA:58,1,0,0
BRDA:58,1,1,0
BRDA:59,2,0,0
BRDA:59,2,1,0
BRDA:60,3,0,0
BRDA:60,3,1,0
BRDA:71,4,0,34
BRDA:101,5,0,0
BRDA:101,5,1,0
BRDA:102,6,0,0
BRDA:102,6,1,0
BRDA:104,7,0,0
BRDA:104,7,1,0
BRDA:105,8,0,0
BRDA:105,8,1,0
BRDA:107,9,0,0
BRDA:107,9,1,0
BRDA:126,10,0,0
BRDA:126,10,1,0
BRDA:126,11,0,0
BRDA:126,11,1,0
BRDA:136,12,0,0
BRDA:136,12,1,0
BRDA:140,13,0,0
BRDA:140,13,1,0
BRDA:146,14,0,0
BRDA:146,14,1,0
BRF:29
BRH:2
end_of_record
TN:
SF:src/middleware/errorHandler.js
FN:10,(anonymous_0)
FN:26,(anonymous_1)
FN:41,(anonymous_2)
FN:62,(anonymous_3)
FN:70,(anonymous_4)
FN:108,(anonymous_5)
FN:109,(anonymous_6)
FN:118,(anonymous_7)
FN:126,(anonymous_8)
FN:134,(anonymous_9)
FN:142,(anonymous_10)
FN:150,(anonymous_11)
FNF:12
FNH:1
FNDA:0,(anonymous_0)
FNDA:0,(anonymous_1)
FNDA:0,(anonymous_2)
FNDA:0,(anonymous_3)
FNDA:0,(anonymous_4)
FNDA:34,(anonymous_5)
FNDA:0,(anonymous_6)
FNDA:0,(anonymous_7)
FNDA:0,(anonymous_8)
FNDA:0,(anonymous_9)
FNDA:0,(anonymous_10)
FNDA:0,(anonymous_11)
DA:1,3
DA:10,3
DA:11,0
DA:12,0
DA:14,0
DA:26,3
DA:27,0
DA:29,0
DA:41,3
DA:43,0
DA:51,0
DA:52,0
DA:53,0
DA:56,0
DA:57,0
DA:58,0
DA:61,0
DA:62,0
DA:63,0
DA:65,0
DA:66,0
DA:67,0
DA:69,0
DA:70,0
DA:71,0
DA:73,0
DA:74,0
DA:75,0
DA:76,0
DA:77,0
DA:78,0
DA:79,0
DA:80,0
DA:81,0
DA:82,0
DA:83,0
DA:84,0
DA:85,0
DA:86,0
DA:87,0
DA:88,0
DA:89,0
DA:90,0
DA:91,0
DA:92,0
DA:96,0
DA:97,0
DA:100,0
DA:108,3
DA:109,34
DA:110,0
DA:119,0
DA:120,0
DA:121,0
DA:127,0
DA:128,0
DA:129,0
DA:135,0
DA:136,0
DA:137,0
DA:143,0
DA:144,0
DA:145,0
DA:151,0
DA:152,0
DA:153,0
DA:157,3
LF:67
LH:7
BRDA:11,0,0,0
BRDA:11,0,1,0
BRDA:11,1,0,0
BRDA:11,1,1,0
BRDA:12,2,0,0
BRDA:12,2,1,0
BRDA:51,3,0,0
BRDA:51,3,1,0
BRDA:51,3,2,0
BRDA:52,4,0,0
BRDA:52,4,1,0
BRDA:56,5,0,0
BRDA:56,5,1,0
BRDA:61,6,0,0
BRDA:61,6,1,0
BRDA:65,7,0,0
BRDA:65,7,1,0
BRDA:69,8,0,0
BRDA:69,8,1,0
BRDA:73,9,0,0
BRDA:73,9,1,0
BRDA:77,10,0,0
BRDA:77,10,1,0
BRDA:81,11,0,0
BRDA:81,11,1,0
BRDA:85,12,0,0
BRDA:85,12,1,0
BRDA:85,13,0,0
BRDA:85,13,1,0
BRDA:88,14,0,0
BRDA:88,14,1,0
BRDA:89,15,0,0
BRDA:89,15,1,0
BRDA:92,16,0,0
BRDA:92,16,1,0
BRDA:96,17,0,0
BRDA:96,17,1,0
BRDA:96,18,0,0
BRDA:96,18,1,0
BRDA:126,19,0,0
BRDA:134,20,0,0
BRDA:142,21,0,0
BRDA:150,22,0,0
BRF:43
BRH:0
end_of_record
TN:
SF:src/middleware/validators.js
FN:8,(anonymous_0)
FN:12,(anonymous_1)
FN:14,(anonymous_2)
FN:30,(anonymous_3)
FN:63,(anonymous_4)
FN:76,(anonymous_5)
FN:112,(anonymous_6)
FN:126,(anonymous_7)
FN:150,(anonymous_8)
FN:160,(anonymous_9)
FN:178,(anonymous_10)
FN:182,(anonymous_11)
FN:214,(anonymous_12)
FNF:13
FNH:3
FNDA:0,(anonymous_0)
FNDA:0,(anonymous_1)
FNDA:0,(anonymous_2)
FNDA:0,(anonymous_3)
FNDA:0,(anonymous_4)
FNDA:0,(anonymous_5)
FNDA:0,(anonymous_6)
FNDA:0,(anonymous_7)
FNDA:0,(anonymous_8)
FNDA:0,(anonymous_9)
FNDA:9,(anonymous_10)
FNDA:10,(anonymous_11)
FNDA:2,(anonymous_12)
DA:1,3
DA:2,3
DA:8,3
DA:9,0
DA:11,0
DA:12,0
DA:13,0
DA:14,0
DA:16,0
DA:19,0
DA:22,0
DA:30,3
DA:32,0
DA:33,0
DA:36,0
DA:37,0
DA:39,0
DA:40,0
DA:44,0
DA:45,0
DA:46,0
DA:50,0
DA:55,0
DA:63,3
DA:64,0
DA:65,0
DA:67,0
DA:68,0
DA:69,0
DA:72,0
DA:74,0
DA:76,0
DA:78,0
DA:80,0
DA:81,0
DA:84,0
DA:85,0
DA:86,0
DA:89,0
DA:90,0
DA:94,0
DA:100,0
DA:101,0
DA:103,0
DA:112,3
DA:113,0
DA:114,0
DA:116,0
DA:118,0
DA:119,0
DA:122,0
DA:124,0
DA:126,0
DA:127,0
DA:129,0
DA:131,0
DA:134,0
DA:138,0
DA:139,0
DA:141,0
DA:150,3
DA:151,0
DA:153,0
DA:154,0
DA:155,0
DA:158,0
DA:160,0
DA:163,0
DA:164,0
DA:166,0
DA:167,0
DA:169,0
DA:178,3
DA:179,9
DA:180,9
DA:182,9
DA:183,10
DA:185,10
DA:187,9
DA:189,9
DA:191,2
DA:192,2
DA:194,1
DA:195,1
DA:197,1
DA:198,1
DA:200,1
DA:201,1
DA:203,1
DA:204,1
DA:206,1
DA:207,1
DA:209,2
DA:210,2
DA:214,1
DA:215,2
DA:217,0
DA:219,0
DA:221,0
DA:223,0
DA:225,1
DA:227,1
DA:229,0
DA:231,0
DA:235,1
DA:239,9
DA:242,3
LF:107
LH:36
BRDA:11,0,0,0
BRDA:11,0,1,0
BRDA:13,1,0,0
BRDA:13,1,1,0
BRDA:36,2,0,0
BRDA:36,2,1,0
BRDA:36,3,0,0
BRDA:36,3,1,0
BRDA:39,4,0,0
BRDA:39,4,1,0
BRDA:39,5,0,0
BRDA:39,5,1,0
BRDA:44,6,0,0
BRDA:44,6,1,0
BRDA:45,7,0,0
BRDA:45,7,1,0
BRDA:67,8,0,0
BRDA:67,8,1,0
BRDA:80,9,0,0
BRDA:80,9,1,0
BRDA:89,10,0,0
BRDA:89,10,1,0
BRDA:116,11,0,0
BRDA:116,11,1,0
BRDA:129,12,0,0
BRDA:129,12,1,0
BRDA:153,13,0,0
BRDA:153,13,1,0
BRDA:185,14,0,9
BRDA:185,14,1,1
BRDA:189,15,0,2
BRDA:189,15,1,1
BRDA:189,15,2,1
BRDA:189,15,3,1
BRDA:189,15,4,1
BRDA:189,15,5,1
BRDA:189,15,6,2
BRDA:215,16,0,0
BRDA:215,16,1,0
BRDA:215,16,2,0
BRDA:215,16,3,0
BRDA:215,16,4,1
BRDA:215,16,5,1
BRDA:215,16,6,0
BRDA:215,16,7,0
BRDA:235,17,0,1
BRDA:235,17,1,1
BRF:47
BRH:13
end_of_record
TN:
SF:src/models/category.js
FN:3,(anonymous_0)
FN:59,(anonymous_1)
FN:67,(anonymous_2)
FN:82,(anonymous_3)
FNF:4
FNH:3
FNDA:5,(anonymous_0)
FNDA:0,(anonymous_1)
FNDA:2,(anonymous_2)
FNDA:5,(anonymous_3)
DA:1,5
DA:3,5
DA:4,5
DA:60,0
DA:67,5
DA:68,2
DA:71,2
DA:82,5
DA:83,5
DA:89,5
LF:10
LH:9
BRDA:76,0,0,2
BRDA:76,0,1,1
BRDA:77,1,0,2
BRDA:77,1,1,1
BRF:4
BRH:4
end_of_record
TN:
SF:src/models/index.js
FN:18,(anonymous_0)
FN:25,(anonymous_1)
FN:32,(anonymous_2)
FN:45,(anonymous_3)
FN:47,(anonymous_4)
FNF:5
FNH:3
FNDA:20,(anonymous_0)
FNDA:15,(anonymous_1)
FNDA:15,(anonymous_2)
FNDA:0,(anonymous_3)
FNDA:0,(anonymous_4)
DA:1,5
DA:2,5
DA:3,5
DA:4,5
DA:7,5
DA:13,5
DA:16,5
DA:17,5
DA:19,20
DA:26,15
DA:27,15
DA:28,15
DA:32,5
DA:33,15
DA:34,15
DA:35,15
DA:40,5
DA:41,5
DA:44,5
DA:45,0
DA:46,0
DA:48,0
DA:52,5
LF:23
LH:20
BRDA:20,0,0,20
BRDA:20,0,1,20
BRDA:20,0,2,15
BRDA:33,1,0,15
BRDA:33,1,1,0
BRDA:44,2,0,0
BRDA:44,2,1,5
BRDA:44,3,0,5
BRDA:44,3,1,0
BRF:9
BRH:6
end_of_record
TN:
SF:src/models/lineItem.js
FN:3,(anonymous_0)
FN:84,(anonymous_1)
FN:107,(anonymous_2)
FN:110,(anonymous_3)
FN:123,(anonymous_4)
FN:161,(anonymous_5)
FNF:6
FNH:5
FNDA:5,(anonymous_0)
FNDA:5,(anonymous_1)
FNDA:0,(anonymous_2)
FNDA:5,(anonymous_3)
FNDA:2,(anonymous_4)
FNDA:5,(anonymous_5)
DA:1,5
DA:3,5
DA:4,5
DA:85,5
DA:86,1
DA:108,0
DA:112,5
DA:113,0
DA:114,0
DA:123,5
DA:124,2
DA:127,2
DA:161,5
DA:162,5
DA:166,5
DA:172,5
LF:16
LH:13
BRDA:85,0,0,1
BRDA:85,0,1,4
BRDA:112,1,0,0
BRDA:112,1,1,5
BRDA:112,2,0,5
BRDA:112,2,1,0
BRDA:113,3,0,0
BRDA:113,3,1,0
BRDA:132,4,0,2
BRDA:132,4,1,1
BRDA:133,5,0,2
BRDA:133,5,1,1
BRDA:134,6,0,2
BRDA:134,6,1,1
BRDA:140,7,0,2
BRDA:140,7,1,1
BRDA:147,8,0,2
BRDA:147,8,1,1
BRDA:156,9,0,2
BRDA:156,9,1,1
BRF:20
BRH:16
end_of_record
TN:
SF:src/models/result.js
FN:3,(anonymous_0)
FN:58,(anonymous_1)
FN:116,(anonymous_2)
FN:119,(anonymous_3)
FN:143,(anonymous_4)
FN:170,(anonymous_5)
FNF:6
FNH:5
FNDA:5,(anonymous_0)
FNDA:3,(anonymous_1)
FNDA:0,(anonymous_2)
FNDA:10,(anonymous_3)
FNDA:3,(anonymous_4)
FNDA:5,(anonymous_5)
DA:1,5
DA:3,5
DA:4,5
DA:60,3
DA:61,3
DA:62,2
DA:65,1
DA:66,1
DA:67,0
DA:117,0
DA:121,10
DA:122,8
DA:123,8
DA:125,1
DA:126,0
DA:127,0
DA:128,0
DA:130,0
DA:131,0
DA:143,5
DA:144,3
DA:147,3
DA:170,5
DA:171,5
DA:177,5
LF:25
LH:18
BRDA:61,0,0,2
BRDA:61,0,1,1
BRDA:61,1,0,3
BRDA:61,1,1,2
BRDA:66,2,0,0
BRDA:66,2,1,1
BRDA:66,3,0,1
BRDA:66,3,1,0
BRDA:121,4,0,8
BRDA:121,4,1,2
BRDA:125,5,0,0
BRDA:125,5,1,1
BRDA:130,6,0,0
BRDA:130,6,1,0
BRDA:130,7,0,0
BRDA:130,7,1,0
BRDA:162,8,0,3
BRDA:162,8,1,2
BRDA:163,9,0,3
BRDA:163,9,1,1
BRDA:164,10,0,3
BRDA:164,10,1,1
BRDA:165,11,0,3
BRDA:165,11,1,1
BRF:24
BRH:17
end_of_record
TN:
SF:src/routes/categories.js
FNF:0
FNH:0
DA:1,2
DA:2,2
DA:3,2
DA:4,2
DA:5,2
DA:6,2
DA:8,2
DA:13,2
DA:18,2
DA:41,2
DA:54,2
DA:67,2
DA:81,2
DA:93,2
DA:101,2
LF:15
LH:15
BRF:0
BRH:0
end_of_record
TN:
SF:src/routes/lineItems.js
FNF:0
FNH:0
DA:1,2
DA:2,2
DA:3,2
DA:4,2
DA:5,2
DA:6,2
DA:8,2
DA:13,2
DA:18,2
DA:72,2
DA:119,2
DA:132,2
DA:145,2
DA:159,2
DA:173,2
DA:185,2
DA:193,2
LF:17
LH:17
BRF:0
BRH:0
end_of_record
TN:
SF:src/routes/results.js
FNF:0
FNH:0
DA:1,2
DA:2,2
DA:3,2
DA:4,2
DA:5,2
DA:6,2
DA:8,2
DA:13,2
DA:18,2
DA:60,2
DA:88,2
DA:101,2
DA:114,2
DA:128,2
DA:142,2
DA:149,2
LF:16
LH:16
BRF:0
BRH:0
end_of_record
TN:
SF:src/routes/students.js
FNF:0
FNH:0
DA:1,2
DA:2,2
DA:3,2
DA:4,2
DA:5,2
DA:7,2
DA:12,2
DA:19,2
DA:27,2
LF:9
LH:9
BRF:0
BRH:0
end_of_record
TN:
SF:src/utils/logger.js
FN:37,(anonymous_0)
FN:89,(anonymous_1)
FNF:2
FNH:1
FNDA:0,(anonymous_0)
FNDA:2,(anonymous_1)
DA:1,6
DA:2,6
DA:5,6
DA:14,6
DA:22,6
DA:25,6
DA:33,6
DA:37,0
DA:42,6
DA:45,6
DA:46,6
DA:52,0
DA:60,6
DA:61,0
DA:70,6
DA:79,6
DA:88,6
DA:90,2
DA:94,6
LF:19
LH:16
BRDA:45,0,0,6
BRDA:45,0,1,0
BRDA:60,1,0,0
BRDA:60,1,1,6
BRDA:80,2,0,6
BRDA:80,2,1,0
BRF:6
BRH:3
end_of_record
